// number of line : 598
// vlsr : 4.3299999237061
FreqLsb VeloLsb FreqUsb VeloUsb Intensity DeltaF DeltaV
1.8636752182919E+04	34.314963649824	0	0	-5.0227623432875E-04	0.030520303174853	0.49090322852135
1.8636782703222E+04	33.824060421303	0	0	-3.6935368552804E-03	0.030520303174853	0.49090322852135
1.8636813223526E+04	33.333157192781	0	0	-2.521317685023E-03	0.030520303174853	0.49090322852135
1.8636843743829E+04	32.84225396426	0	0	2.2766189649701E-03	0.030520303174853	0.49090322852135
1.8636874264132E+04	32.351350735739	0	0	4.830826073885E-03	0.030520303174853	0.49090322852135
1.8636904784435E+04	31.860447507217	0	0	8.0675669014454E-03	0.030520303174853	0.49090322852135
1.8636935304738E+04	31.369544278696	0	0	6.4024487510324E-03	0.030520303174853	0.49090322852135
1.8636965825041E+04	30.878641050175	0	0	3.129243850708E-03	0.030520303174853	0.49090322852135
1.8636996345345E+04	30.387737821653	0	0	2.5039766915143E-03	0.030520303174853	0.49090322852135
1.8637026865648E+04	29.896834593132	0	0	4.7239293344319E-03	0.030520303174853	0.49090322852135
1.8637057385951E+04	29.405931364611	0	0	-1.9051865674555E-03	0.030520303174853	0.49090322852135
1.8637087906254E+04	28.915028136089	0	0	-2.9621480498463E-03	0.030520303174853	0.49090322852135
1.8637118426557E+04	28.424124907568	0	0	-2.0499222446233E-03	0.030520303174853	0.49090322852135
1.8637148946861E+04	27.933221679047	0	0	6.114948540926E-03	0.030520303174853	0.49090322852135
1.8637179467164E+04	27.442318450525	0	0	-2.0090853795409E-03	0.030520303174853	0.49090322852135
1.8637209987467E+04	26.951415222004	0	0	-4.32173255831E-04	0.030520303174853	0.49090322852135
1.863724050777E+04	26.460511993483	0	0	-7.9895164817572E-03	0.030520303174853	0.49090322852135
1.8637271028073E+04	25.969608764961	0	0	6.1257034540176E-03	0.030520303174853	0.49090322852135
1.8637301548376E+04	25.47870553644	0	0	-3.3762585371733E-04	0.030520303174853	0.49090322852135
1.863733206868E+04	24.987802307919	0	0	-4.5041148550808E-03	0.030520303174853	0.49090322852135
1.8637362588983E+04	24.496899079397	0	0	4.617421887815E-03	0.030520303174853	0.49090322852135
1.8637393109286E+04	24.005995850876	0	0	3.2541784457862E-04	0.030520303174853	0.49090322852135
1.8637423629589E+04	23.515092622354	0	0	-3.7288451567292E-03	0.030520303174853	0.49090322852135
1.8637454149892E+04	23.024189393833	0	0	-6.260784342885E-03	0.030520303174853	0.49090322852135
1.8637484670195E+04	22.533286165312	0	0	-4.1600479744375E-04	0.030520303174853	0.49090322852135
1.8637515190499E+04	22.04238293679	0	0	-5.7534798979759E-03	0.030520303174853	0.49090322852135
1.8637545710802E+04	21.551479708269	0	0	-6.5414048731327E-03	0.030520303174853	0.49090322852135
1.8637576231105E+04	21.060576479748	0	0	-7.0742233656347E-03	0.030520303174853	0.49090322852135
1.8637606751408E+04	20.569673251226	0	0	-5.6845555081964E-04	0.030520303174853	0.49090322852135
1.8637637271711E+04	20.078770022705	0	0	-2.0000857766718E-03	0.030520303174853	0.49090322852135
1.8637667792014E+04	19.587866794184	0	0	-2.8354350943118E-03	0.030520303174853	0.49090322852135
1.8637698312318E+04	19.096963565662	0	0	-8.9962454512715E-04	0.030520303174853	0.49090322852135
1.8637728832621E+04	18.606060337141	0	0	-4.8380377702415E-03	0.030520303174853	0.49090322852135
1.8637759352924E+04	18.11515710862	0	0	4.6605104580522E-03	0.030520303174853	0.49090322852135
1.8637789873227E+04	17.624253880098	0	0	-5.97805948928E-04	0.030520303174853	0.49090322852135
1.863782039353E+04	17.133350651577	0	0	6.4737158827484E-03	0.030520303174853	0.49090322852135
1.8637850913834E+04	16.642447423056	0	0	8.7351184338331E-03	0.030520303174853	0.49090322852135
1.8637881434137E+04	16.151544194534	0	0	1.6517947660759E-03	0.030520303174853	0.49090322852135
1.863791195444E+04	15.660640966013	0	0	-3.5195436794311E-03	0.030520303174853	0.49090322852135
1.8637942474743E+04	15.169737737492	0	0	-3.966354764998E-03	0.030520303174853	0.49090322852135
1.8637972995046E+04	14.67883450897	0	0	-9.2677911743522E-04	0.030520303174853	0.49090322852135
1.8638003515349E+04	14.187931280449	0	0	-6.1848601326346E-03	0.030520303174853	0.49090322852135
1.8638034035653E+04	13.697028051928	0	0	-3.3409942407161E-03	0.030520303174853	0.49090322852135
1.8638064555956E+04	13.206124823406	0	0	1.2137433513999E-03	0.030520303174853	0.49090322852135
1.8638095076259E+04	12.715221594885	0	0	1.4832450542599E-03	0.030520303174853	0.49090322852135
1.8638125596562E+04	12.224318366363	0	0	-5.6473012082279E-03	0.030520303174853	0.49090322852135
1.8638156116865E+04	11.733415137842	0	0	7.2875549085438E-04	0.030520303174853	0.49090322852135
1.8638186637168E+04	11.242511909321	0	0	8.62449221313E-03	0.030520303174853	0.49090322852135
1.8638217157472E+04	10.751608680799	0	0	8.0368462949991E-03	0.030520303174853	0.49090322852135
1.8638247677775E+04	10.260705452278	0	0	-1.4176769182086E-03	0.030520303174853	0.49090322852135
1.8638278198078E+04	9.7698022237568	0	0	-3.7881569005549E-03	0.030520303174853	0.49090322852135
1.8638308718381E+04	9.2788989952354	0	0	8.8208764791489E-03	0.030520303174853	0.49090322852135
1.8638339238684E+04	8.7879957667141	0	0	-3.5980774555355E-03	0.030520303174853	0.49090322852135
1.8638369758988E+04	8.2970925381927	0	0	3.5715028643608E-03	0.030520303174853	0.49090322852135
1.8638400279291E+04	7.8061893096714	0	0	-8.9682275429368E-03	0.030520303174853	0.49090322852135
1.8638430799594E+04	7.31528608115	0	0	4.9551036208868E-03	0.030520303174853	0.49090322852135
1.8638461319897E+04	6.8243828526287	0	0	2.799476031214E-03	0.030520303174853	0.49090322852135
1.86384918402E+04	6.3334796241073	0	0	-3.3702817745507E-04	0.030520303174853	0.49090322852135
1.8638522360503E+04	5.842576395586	0	0	5.1062437705696E-04	0.030520303174853	0.49090322852135
1.8638552880807E+04	5.3516731670646	0	0	-4.0757129900157E-03	0.030520303174853	0.49090322852135
1.863858340111E+04	4.8607699385433	0	0	0.018221763893962	0.030520303174853	0.49090322852135
1.8638613921413E+04	4.3698667100219	0	0	0.067329049110413	0.030520303174853	0.49090322852135
1.8638644441716E+04	3.8789634815006	0	0	0.058830335736275	0.030520303174853	0.49090322852135
1.8638674962019E+04	3.3880602529792	0	0	5.4742963984609E-03	0.030520303174853	0.49090322852135
1.8638705482322E+04	2.8971570244579	0	0	-4.4774115085602E-03	0.030520303174853	0.49090322852135
1.8638736002626E+04	2.4062537959365	0	0	-1.1821638327092E-03	0.030520303174853	0.49090322852135
1.8638766522929E+04	1.9153505674152	0	0	7.4384761974216E-03	0.030520303174853	0.49090322852135
1.8638797043232E+04	1.4244473388939	0	0	-1.1320668272674E-04	0.030520303174853	0.49090322852135
1.8638827563535E+04	0.93354411037251	0	0	-2.8692008927464E-03	0.030520303174853	0.49090322852135
1.8638858083838E+04	0.44264088185116	0	0	-5.6424820795655E-03	0.030520303174853	0.49090322852135
1.8638888604141E+04	-0.048262346670185	0	0	1.9280493725091E-03	0.030520303174853	0.49090322852135
1.8638919124445E+04	-0.53916557519153	0	0	0.01215685531497	0.030520303174853	0.49090322852135
1.8638949644748E+04	-1.0300688037129	0	0	3.9253793656826E-03	0.030520303174853	0.49090322852135
1.8638980165051E+04	-1.5209720322342	0	0	4.6686851419508E-04	0.030520303174853	0.49090322852135
1.8639010685354E+04	-2.0118752607556	0	0	4.6077379956841E-03	0.030520303174853	0.49090322852135
1.8639041205657E+04	-2.5027784892769	0	0	7.272332906723E-03	0.030520303174853	0.49090322852135
1.8639071725961E+04	-2.9936817177983	0	0	-8.4579410031438E-04	0.030520303174853	0.49090322852135
1.8639102246264E+04	-3.4845849463196	0	0	-5.3225224837661E-03	0.030520303174853	0.49090322852135
1.8639132766567E+04	-3.975488174841	0	0	-6.6819144412875E-03	0.030520303174853	0.49090322852135
1.863916328687E+04	-4.4663914033623	0	0	3.1038778834045E-03	0.030520303174853	0.49090322852135
1.8639193807173E+04	-4.9572946318837	0	0	-4.0714628994465E-04	0.030520303174853	0.49090322852135
1.8639224327476E+04	-5.448197860405	0	0	-1.2122457846999E-03	0.030520303174853	0.49090322852135
1.863925484778E+04	-5.9391010889263	0	0	-7.3030404746532E-03	0.030520303174853	0.49090322852135
1.8639285368083E+04	-6.4300043174477	0	0	-4.7733262181282E-03	0.030520303174853	0.49090322852135
1.8639315888386E+04	-6.920907545969	0	0	-1.6906764358282E-05	0.030520303174853	0.49090322852135
1.8639346408689E+04	-7.4118107744904	0	0	1.4843648532405E-03	0.030520303174853	0.49090322852135
1.8639376928992E+04	-7.9027140030117	0	0	1.99652928859E-03	0.030520303174853	0.49090322852135
1.8639407449295E+04	-8.3936172315331	0	0	2.4174032732844E-03	0.030520303174853	0.49090322852135
1.8639437969599E+04	-8.8845204600544	0	0	-3.2983657438308E-03	0.030520303174853	0.49090322852135
1.8639468489902E+04	-9.3754236885758	0	0	-0.011135447770357	0.030520303174853	0.49090322852135
1.8639499010205E+04	-9.8663269170971	0	0	7.6034013181925E-04	0.030520303174853	0.49090322852135
1.8639529530508E+04	-10.357230145618	0	0	5.8132051490247E-03	0.030520303174853	0.49090322852135
1.8639560050811E+04	-10.84813337414	0	0	-2.6701763272285E-04	0.030520303174853	0.49090322852135
1.8639590571115E+04	-11.339036602661	0	0	-1.8849549815059E-04	0.030520303174853	0.49090322852135
1.8639621091418E+04	-11.829939831183	0	0	-5.1544732414186E-03	0.030520303174853	0.49090322852135
1.8639651611721E+04	-12.320843059704	0	0	-4.1015432216227E-03	0.030520303174853	0.49090322852135
1.8639682132024E+04	-12.811746288225	0	0	8.2508916966617E-04	0.030520303174853	0.49090322852135
1.8639712652327E+04	-13.302649516747	0	0	5.1248292438686E-03	0.030520303174853	0.49090322852135
1.863974317263E+04	-13.793552745268	0	0	5.5658491328359E-04	0.030520303174853	0.49090322852135
1.8639773692934E+04	-14.284455973789	0	0	-4.1833808645606E-03	0.030520303174853	0.49090322852135
1.8639804213237E+04	-14.775359202311	0	0	1.5712473541498E-03	0.030520303174853	0.49090322852135
1.863983473354E+04	-15.266262430832	0	0	-4.7174384817481E-03	0.030520303174853	0.49090322852135
1.8639865253843E+04	-15.757165659353	0	0	3.5588790196925E-03	0.030520303174853	0.49090322852135
1.8639895774146E+04	-16.248068887875	0	0	-2.5026835501194E-03	0.030520303174853	0.49090322852135
1.8639926294449E+04	-16.738972116396	0	0	-3.0647967942059E-03	0.030520303174853	0.49090322852135
1.8639956814753E+04	-17.229875344917	0	0	-2.18664878048E-03	0.030520303174853	0.49090322852135
1.8639987335056E+04	-17.720778573439	0	0	-1.789651112631E-03	0.030520303174853	0.49090322852135
1.8640017855359E+04	-18.21168180196	0	0	6.9305319339037E-03	0.030520303174853	0.49090322852135
1.8640048375662E+04	-18.702585030481	0	0	-3.4280735999346E-03	0.030520303174853	0.49090322852135
1.8640078895965E+04	-19.193488259003	0	0	-8.4366016089916E-03	0.030520303174853	0.49090322852135
1.8640109416268E+04	-19.684391487524	0	0	1.0438719764352E-03	0.030520303174853	0.49090322852135
1.8640139936572E+04	-20.175294716045	0	0	-3.3658682368696E-03	0.030520303174853	0.49090322852135
1.8640170456875E+04	-20.666197944567	0	0	2.8811129741371E-03	0.030520303174853	0.49090322852135
1.8640200977178E+04	-21.157101173088	0	0	9.7912289202213E-03	0.030520303174853	0.49090322852135
1.8640231497481E+04	-21.648004401609	0	0	-2.057435689494E-03	0.030520303174853	0.49090322852135
1.8640262017784E+04	-22.138907630131	0	0	-3.2245367765427E-04	0.030520303174853	0.49090322852135
1.8640292538088E+04	-22.629810858652	0	0	-3.7170383147895E-03	0.030520303174853	0.49090322852135
1.8640323058391E+04	-23.120714087173	0	0	-4.4766296632588E-03	0.030520303174853	0.49090322852135
1.8640353578694E+04	-23.611617315695	0	0	8.422389626503E-03	0.030520303174853	0.49090322852135
1.8640384098997E+04	-24.102520544216	0	0	4.1038589552045E-04	0.030520303174853	0.49090322852135
1.86404146193E+04	-24.593423772738	0	0	2.6395819149911E-03	0.030520303174853	0.49090322852135
1.8640445139603E+04	-25.084327001259	0	0	8.5423979908228E-03	0.030520303174853	0.49090322852135
1.8640475659907E+04	-25.57523022978	0	0	-9.5843803137541E-03	0.030520303174853	0.49090322852135
2.1299108567874E+04	34.628808130463	0	0	-7.5858313357458E-04	0.030520303174853	0.42954060435295
2.1299139088178E+04	34.19926752611	0	0	1.5645790845156E-03	0.030520303174853	0.42954060435295
2.1299169608481E+04	33.769726921757	0	0	1.3418006710708E-03	0.030520303174853	0.42954060435295
2.1299200128784E+04	33.340186317404	0	0	-4.9781398847699E-03	0.030520303174853	0.42954060435295
2.1299230649087E+04	32.910645713052	0	0	-1.3684942387044E-03	0.030520303174853	0.42954060435295
2.129926116939E+04	32.481105108699	0	0	5.9669106267393E-03	0.030520303174853	0.42954060435295
2.1299291689693E+04	32.051564504346	0	0	-4.3962742201984E-03	0.030520303174853	0.42954060435295
2.1299322209997E+04	31.622023899993	0	0	1.2506040511653E-03	0.030520303174853	0.42954060435295
2.12993527303E+04	31.19248329564	0	0	3.9846040308475E-03	0.030520303174853	0.42954060435295
2.1299383250603E+04	30.762942691287	0	0	6.4964797347784E-03	0.030520303174853	0.42954060435295
2.1299413770906E+04	30.333402086934	0	0	0.010383220389485	0.030520303174853	0.42954060435295
2.1299444291209E+04	29.903861482581	0	0	2.8153597377241E-03	0.030520303174853	0.42954060435295
2.1299474811512E+04	29.474320878228	0	0	6.6195107065141E-03	0.030520303174853	0.42954060435295
2.1299505331816E+04	29.044780273875	0	0	-1.5530096134171E-03	0.030520303174853	0.42954060435295
2.1299535852119E+04	28.615239669522	0	0	-6.8331304937601E-03	0.030520303174853	0.42954060435295
2.1299566372422E+04	28.185699065169	0	0	1.2565733632073E-03	0.030520303174853	0.42954060435295
2.1299596892725E+04	27.756158460816	0	0	2.3799897171557E-03	0.030520303174853	0.42954060435295
2.1299627413028E+04	27.326617856463	0	0	0.0113281654194	0.030520303174853	0.42954060435295
2.1299657933332E+04	26.89707725211	0	0	3.4099842887372E-03	0.030520303174853	0.42954060435295
2.1299688453635E+04	26.467536647757	0	0	-2.0398532506078E-03	0.030520303174853	0.42954060435295
2.1299718973938E+04	26.037996043404	0	0	3.5920252557844E-03	0.030520303174853	0.42954060435295
2.1299749494241E+04	25.608455439051	0	0	9.0671312063932E-03	0.030520303174853	0.42954060435295
2.1299780014544E+04	25.178914834698	0	0	3.6443308927119E-03	0.030520303174853	0.42954060435295
2.1299810534847E+04	24.749374230345	0	0	-6.1991962138563E-04	0.030520303174853	0.42954060435295
2.1299841055151E+04	24.319833625992	0	0	-3.6206860095263E-03	0.030520303174853	0.42954060435295
2.1299871575454E+04	23.89029302164	0	0	-6.0603045858443E-03	0.030520303174853	0.42954060435295
2.1299902095757E+04	23.460752417287	0	0	-2.6045055128634E-03	0.030520303174853	0.42954060435295
2.129993261606E+04	23.031211812934	0	0	3.6344776162878E-05	0.030520303174853	0.42954060435295
2.1299963136363E+04	22.601671208581	0	0	-3.1216128263623E-03	0.030520303174853	0.42954060435295
2.1299993656666E+04	22.172130604228	0	0	1.3208677992225E-03	0.030520303174853	0.42954060435295
2.130002417697E+04	21.742589999875	0	0	8.0424637417309E-05	0.030520303174853	0.42954060435295
2.1300054697273E+04	21.313049395522	0	0	-2.6639241259545E-03	0.030520303174853	0.42954060435295
2.1300085217576E+04	20.883508791169	0	0	-5.8215018361807E-03	0.030520303174853	0.42954060435295
2.1300115737879E+04	20.453968186816	0	0	1.1167516931891E-03	0.030520303174853	0.42954060435295
2.1300146258182E+04	20.024427582463	0	0	-6.7761589889415E-05	0.030520303174853	0.42954060435295
2.1300176778486E+04	19.59488697811	0	0	-0.012831415049732	0.030520303174853	0.42954060435295
2.1300207298789E+04	19.165346373757	0	0	-5.6642098352313E-03	0.030520303174853	0.42954060435295
2.1300237819092E+04	18.735805769404	0	0	-5.5335904471576E-04	0.030520303174853	0.42954060435295
2.1300268339395E+04	18.306265165051	0	0	-4.8634568229318E-03	0.030520303174853	0.42954060435295
2.1300298859698E+04	17.876724560698	0	0	-2.2641681134701E-03	0.030520303174853	0.42954060435295
2.1300329380001E+04	17.447183956345	0	0	4.6740379184484E-03	0.030520303174853	0.42954060435295
2.1300359900305E+04	17.017643351992	0	0	-2.0191143266857E-03	0.030520303174853	0.42954060435295
2.1300390420608E+04	16.588102747639	0	0	-0.011585801839828	0.030520303174853	0.42954060435295
2.1300420940911E+04	16.158562143286	0	0	-8.1509398296475E-03	0.030520303174853	0.42954060435295
2.1300451461214E+04	15.729021538933	0	0	7.9875177470967E-04	0.030520303174853	0.42954060435295
2.1300481981517E+04	15.299480934581	0	0	-4.2723268270493E-03	0.030520303174853	0.42954060435295
2.130051250182E+04	14.869940330228	0	0	-3.0787000432611E-03	0.030520303174853	0.42954060435295
2.1300543022124E+04	14.440399725875	0	0	-5.1032088231295E-04	0.030520303174853	0.42954060435295
2.1300573542427E+04	14.010859121522	0	0	-1.0201171971858E-03	0.030520303174853	0.42954060435295
2.130060406273E+04	13.581318517169	0	0	5.5590213742107E-04	0.030520303174853	0.42954060435295
2.1300634583033E+04	13.151777912816	0	0	1.8834581132978E-03	0.030520303174853	0.42954060435295
2.1300665103336E+04	12.722237308463	0	0	4.722538869828E-03	0.030520303174853	0.42954060435295
2.1300695623639E+04	12.29269670411	0	0	2.9414796736091E-03	0.030520303174853	0.42954060435295
2.1300726143943E+04	11.863156099757	0	0	-3.1564026721753E-04	0.030520303174853	0.42954060435295
2.1300756664246E+04	11.433615495404	0	0	-4.734423418995E-04	0.030520303174853	0.42954060435295
2.1300787184549E+04	11.004074891051	0	0	2.2818706929684E-03	0.030520303174853	0.42954060435295
2.1300817704852E+04	10.574534286698	0	0	-1.6081243520603E-03	0.030520303174853	0.42954060435295
2.1300848225155E+04	10.144993682345	0	0	-2.0566512830555E-03	0.030520303174853	0.42954060435295
2.1300878745459E+04	9.7154530779922	0	0	2.5033261626959E-03	0.030520303174853	0.42954060435295
2.1300909265762E+04	9.2859124736392	0	0	-3.2530864700675E-04	0.030520303174853	0.42954060435295
2.1300939786065E+04	8.8563718692862	0	0	-1.2313430197537E-03	0.030520303174853	0.42954060435295
2.1300970306368E+04	8.4268312649333	0	0	-4.5506102032959E-03	0.030520303174853	0.42954060435295
2.1301000826671E+04	7.9972906605803	0	0	-2.0253686234355E-03	0.030520303174853	0.42954060435295
2.1301031346974E+04	7.5677500562274	0	0	4.351147217676E-04	0.030520303174853	0.42954060435295
2.1301061867278E+04	7.1382094518744	0	0	-2.1837349049747E-03	0.030520303174853	0.42954060435295
2.1301092387581E+04	6.7086688475215	0	0	-2.5792347732931E-03	0.030520303174853	0.42954060435295
2.1301122907884E+04	6.2791282431685	0	0	-1.8134696874768E-03	0.030520303174853	0.42954060435295
2.1301153428187E+04	5.8495876388156	0	0	-1.6801024321467E-03	0.030520303174853	0.42954060435295
2.130118394849E+04	5.4200470344626	0	0	4.7414340078831E-03	0.030520303174853	0.42954060435295
2.1301214468793E+04	4.9905064301097	0	0	0.053764335811138	0.030520303174853	0.42954060435295
2.1301244989097E+04	4.5609658257567	0	0	0.12619131803513	0.030520303174853	0.42954060435295
2.13012755094E+04	4.1314252214038	0	0	0.073610477149487	0.030520303174853	0.42954060435295
2.1301306029703E+04	3.7018846170508	0	0	9.6977883949876E-03	0.030520303174853	0.42954060435295
2.1301336550006E+04	3.2723440126979	0	0	8.0963494256139E-03	0.030520303174853	0.42954060435295
2.1301367070309E+04	2.8428034083449	0	0	-2.0326506346464E-03	0.030520303174853	0.42954060435295
2.1301397590612E+04	2.413262803992	0	0	-6.9369226694107E-03	0.030520303174853	0.42954060435295
2.1301428110916E+04	1.983722199639	0	0	2.8616974595934E-03	0.030520303174853	0.42954060435295
2.1301458631219E+04	1.5541815952861	0	0	-2.1437117829919E-03	0.030520303174853	0.42954060435295
2.1301489151522E+04	1.1246409909331	0	0	-1.2390734627843E-03	0.030520303174853	0.42954060435295
2.1301519671825E+04	0.69510038658018	0	0	-4.870337434113E-04	0.030520303174853	0.42954060435295
2.1301550192128E+04	0.26555978222723	0	0	3.4431100357324E-03	0.030520303174853	0.42954060435295
2.1301580712432E+04	-0.16398082212572	0	0	-4.0616150945425E-03	0.030520303174853	0.42954060435295
2.1301611232735E+04	-0.59352142647867	0	0	7.1670970646665E-04	0.030520303174853	0.42954060435295
2.1301641753038E+04	-1.0230620308316	0	0	7.1952347643673E-03	0.030520303174853	0.42954060435295
2.1301672273341E+04	-1.4526026351846	0	0	5.7862768881023E-03	0.030520303174853	0.42954060435295
2.1301702793644E+04	-1.8821432395375	0	0	5.2846781909466E-03	0.030520303174853	0.42954060435295
2.1301733313947E+04	-2.3116838438905	0	0	5.193067714572E-03	0.030520303174853	0.42954060435295
2.1301763834251E+04	-2.7412244482434	0	0	8.4697743877769E-03	0.030520303174853	0.42954060435295
2.1301794354554E+04	-3.1707650525964	0	0	2.8749706689268E-03	0.030520303174853	0.42954060435295
2.1301824874857E+04	-3.6003056569493	0	0	6.4798246603459E-04	0.030520303174853	0.42954060435295
2.130185539516E+04	-4.0298462613023	0	0	-2.9426855035126E-03	0.030520303174853	0.42954060435295
2.1301885915463E+04	-4.4593868656552	0	0	-3.5447019618005E-03	0.030520303174853	0.42954060435295
2.1301916435766E+04	-4.8889274700082	0	0	-2.2808467037976E-03	0.030520303174853	0.42954060435295
2.130194695607E+04	-5.3184680743611	0	0	-1.2632324360311E-03	0.030520303174853	0.42954060435295
2.1301977476373E+04	-5.7480086787141	0	0	-1.2942323228344E-03	0.030520303174853	0.42954060435295
2.1302007996676E+04	-6.177549283067	0	0	-9.4359274953604E-04	0.030520303174853	0.42954060435295
2.1302038516979E+04	-6.60708988742	0	0	2.1842401474714E-03	0.030520303174853	0.42954060435295
2.1302069037282E+04	-7.0366304917729	0	0	8.7161816190928E-04	0.030520303174853	0.42954060435295
2.1302099557586E+04	-7.4661710961259	0	0	-3.0124145559967E-03	0.030520303174853	0.42954060435295
2.1302130077889E+04	-7.8957117004788	0	0	-5.3633884526789E-03	0.030520303174853	0.42954060435295
2.1302160598192E+04	-8.3252523048318	0	0	-2.2727367468178E-03	0.030520303174853	0.42954060435295
2.1302191118495E+04	-8.7547929091847	0	0	3.8481983938254E-04	0.030520303174853	0.42954060435295
2.1302221638798E+04	-9.1843335135377	0	0	1.9647234585136E-03	0.030520303174853	0.42954060435295
2.1302252159101E+04	-9.6138741178906	0	0	4.2444714345038E-03	0.030520303174853	0.42954060435295
2.1302282679405E+04	-10.043414722244	0	0	2.3160197306424E-03	0.030520303174853	0.42954060435295
2.1302313199708E+04	-10.472955326597	0	0	1.4867155114189E-03	0.030520303174853	0.42954060435295
2.1302343720011E+04	-10.902495930949	0	0	-5.2803778089583E-04	0.030520303174853	0.42954060435295
2.1302374240314E+04	-11.332036535302	0	0	-7.1600577794015E-03	0.030520303174853	0.42954060435295
2.1302404760617E+04	-11.761577139655	0	0	-3.2813393045217E-03	0.030520303174853	0.42954060435295
2.130243528092E+04	-12.191117744008	0	0	-9.3329534865916E-04	0.030520303174853	0.42954060435295
2.1302465801224E+04	-12.620658348361	0	0	5.1079816184938E-03	0.030520303174853	0.42954060435295
2.1302496321527E+04	-13.050198952714	0	0	-1.3762289891019E-03	0.030520303174853	0.42954060435295
2.130252684183E+04	-13.479739557067	0	0	-7.523515378125E-04	0.030520303174853	0.42954060435295
2.1302557362133E+04	-13.90928016142	0	0	3.0535866972059E-03	0.030520303174853	0.42954060435295
2.1302587882436E+04	-14.338820765773	0	0	1.3510627904907E-03	0.030520303174853	0.42954060435295
2.1302618402739E+04	-14.768361370126	0	0	6.943532731384E-03	0.030520303174853	0.42954060435295
2.1302648923043E+04	-15.197901974479	0	0	2.0339232869446E-03	0.030520303174853	0.42954060435295
2.1302679443346E+04	-15.627442578832	0	0	-2.2834748961031E-04	0.030520303174853	0.42954060435295
2.1302709963649E+04	-16.056983183185	0	0	1.3844855129719E-03	0.030520303174853	0.42954060435295
2.1302740483952E+04	-16.486523787538	0	0	-3.4241951070726E-03	0.030520303174853	0.42954060435295
2.1302771004255E+04	-16.916064391891	0	0	-3.3505415194668E-04	0.030520303174853	0.42954060435295
2.1302801524559E+04	-17.345604996244	0	0	1.1227336945012E-03	0.030520303174853	0.42954060435295
2.1302832044862E+04	-17.775145600597	0	0	-9.1030640760437E-04	0.030520303174853	0.42954060435295
2.1302862565165E+04	-18.20468620495	0	0	4.6896007843316E-03	0.030520303174853	0.42954060435295
2.1302893085468E+04	-18.634226809303	0	0	-1.0929761920124E-03	0.030520303174853	0.42954060435295
2.1302923605771E+04	-19.063767413656	0	0	-6.5157786011696E-03	0.030520303174853	0.42954060435295
2.1302954126074E+04	-19.493308018009	0	0	-1.3743818271905E-03	0.030520303174853	0.42954060435295
2.1302984646378E+04	-19.922848622361	0	0	-3.0763363465667E-03	0.030520303174853	0.42954060435295
2.1303015166681E+04	-20.352389226714	0	0	-4.4074058532715E-03	0.030520303174853	0.42954060435295
2.1303045686984E+04	-20.781929831067	0	0	-2.2883550263941E-03	0.030520303174853	0.42954060435295
2.1303076207287E+04	-21.21147043542	0	0	2.6385378441773E-04	0.030520303174853	0.42954060435295
2.130310672759E+04	-21.641011039773	0	0	1.8433318473399E-03	0.030520303174853	0.42954060435295
2.1303137247893E+04	-22.070551644126	0	0	-4.2456435039639E-03	0.030520303174853	0.42954060435295
2.1303167768197E+04	-22.500092248479	0	0	1.6441206680611E-03	0.030520303174853	0.42954060435295
2.13031982885E+04	-22.929632852832	0	0	1.6062485519797E-04	0.030520303174853	0.42954060435295
2.1303228808803E+04	-23.359173457185	0	0	6.7634894512594E-03	0.030520303174853	0.42954060435295
2.1303259329106E+04	-23.788714061538	0	0	4.8717968165874E-03	0.030520303174853	0.42954060435295
2.1303289849409E+04	-24.218254665891	0	0	4.9939230084419E-03	0.030520303174853	0.42954060435295
2.1303320369713E+04	-24.647795270244	0	0	4.4945310801268E-03	0.030520303174853	0.42954060435295
2.1303350890016E+04	-25.077335874597	0	0	-7.3460005223751E-03	0.030520303174853	0.42954060435295
2.1303381410319E+04	-25.50687647895	0	0	-1.6849196981639E-03	0.030520303174853	0.42954060435295
2.3961463349417E+04	34.821669596621	0	0	3.1440209131688E-03	0.030520301312208	0.38181415200233
2.3961493869718E+04	34.439855444619	0	0	5.7633463293314E-03	0.030520301312208	0.38181415200233
2.396152439002E+04	34.058041292616	0	0	-4.3218098580837E-03	0.030520301312208	0.38181415200233
2.3961554910321E+04	33.676227140614	0	0	9.5122642815113E-03	0.030520301312208	0.38181415200233
2.3961585430622E+04	33.294412988612	0	0	-2.4992586113513E-03	0.030520301312208	0.38181415200233
2.3961615950924E+04	32.912598836609	0	0	-2.6518418453634E-03	0.030520301312208	0.38181415200233
2.3961646471225E+04	32.530784684607	0	0	-3.8740863092244E-03	0.030520301312208	0.38181415200233
2.3961676991526E+04	32.148970532605	0	0	-3.2532783225179E-03	0.030520301312208	0.38181415200233
2.3961707511828E+04	31.767156380602	0	0	2.9421797953546E-03	0.030520301312208	0.38181415200233
2.3961738032129E+04	31.3853422286	0	0	-6.426615640521E-03	0.030520301312208	0.38181415200233
2.396176855243E+04	31.003528076598	0	0	5.7068108581007E-03	0.030520301312208	0.38181415200233
2.3961799072732E+04	30.621713924595	0	0	-4.0797959081829E-03	0.030520301312208	0.38181415200233
2.3961829593033E+04	30.239899772593	0	0	-3.0452259816229E-03	0.030520301312208	0.38181415200233
2.3961860113334E+04	29.858085620591	0	0	4.308772040531E-04	0.030520301312208	0.38181415200233
2.3961890633636E+04	29.476271468588	0	0	-5.8169185649604E-04	0.030520301312208	0.38181415200233
2.3961921153937E+04	29.094457316586	0	0	3.8286219350994E-03	0.030520301312208	0.38181415200233
2.3961951674238E+04	28.712643164584	0	0	7.6590185053647E-03	0.030520301312208	0.38181415200233
2.3961982194539E+04	28.330829012581	0	0	0.010668274946511	0.030520301312208	0.38181415200233
2.3962012714841E+04	27.949014860579	0	0	1.8413842190057E-03	0.030520301312208	0.38181415200233
2.3962043235142E+04	27.567200708577	0	0	1.6980119980872E-03	0.030520301312208	0.38181415200233
2.3962073755443E+04	27.185386556574	0	0	3.4409940708429E-03	0.030520301312208	0.38181415200233
2.3962104275745E+04	26.803572404572	0	0	6.1343694105744E-03	0.030520301312208	0.38181415200233
2.3962134796046E+04	26.42175825257	0	0	-4.0249153971672E-03	0.030520301312208	0.38181415200233
2.3962165316347E+04	26.039944100567	0	0	-8.7020779028535E-04	0.030520301312208	0.38181415200233
2.3962195836649E+04	25.658129948565	0	0	1.3855926226825E-04	0.030520301312208	0.38181415200233
2.396222635695E+04	25.276315796563	0	0	-5.6804465129972E-03	0.030520301312208	0.38181415200233
2.3962256877251E+04	24.89450164456	0	0	4.4834339059889E-03	0.030520301312208	0.38181415200233
2.3962287397553E+04	24.512687492558	0	0	1.2088140938431E-03	0.030520301312208	0.38181415200233
2.3962317917854E+04	24.130873340556	0	0	-8.9522334747016E-05	0.030520301312208	0.38181415200233
2.3962348438155E+04	23.749059188553	0	0	-0.013000310398638	0.030520301312208	0.38181415200233
2.3962378958456E+04	23.367245036551	0	0	9.5078820595518E-04	0.030520301312208	0.38181415200233
2.3962409478758E+04	22.985430884549	0	0	-4.2022549314424E-04	0.030520301312208	0.38181415200233
2.3962439999059E+04	22.603616732546	0	0	-1.0227547027171E-03	0.030520301312208	0.38181415200233
2.396247051936E+04	22.221802580544	0	0	-5.0320932641625E-03	0.030520301312208	0.38181415200233
2.3962501039662E+04	21.839988428542	0	0	-8.1958593800664E-03	0.030520301312208	0.38181415200233
2.3962531559963E+04	21.458174276539	0	0	-4.9627595581114E-04	0.030520301312208	0.38181415200233
2.3962562080264E+04	21.076360124537	0	0	1.8813060596585E-03	0.030520301312208	0.38181415200233
2.3962592600566E+04	20.694545972535	0	0	-2.7451731730253E-03	0.030520301312208	0.38181415200233
2.3962623120867E+04	20.312731820532	0	0	3.8745850324631E-03	0.030520301312208	0.38181415200233
2.3962653641168E+04	19.93091766853	0	0	-6.276048370637E-04	0.030520301312208	0.38181415200233
2.396268416147E+04	19.549103516528	0	0	1.2516760034487E-03	0.030520301312208	0.38181415200233
2.3962714681771E+04	19.167289364525	0	0	-1.2420886196196E-03	0.030520301312208	0.38181415200233
2.3962745202072E+04	18.785475212523	0	0	-1.9754972308874E-03	0.030520301312208	0.38181415200233
2.3962775722374E+04	18.403661060521	0	0	-3.4981381613761E-03	0.030520301312208	0.38181415200233
2.3962806242675E+04	18.021846908518	0	0	-4.2391447350383E-03	0.030520301312208	0.38181415200233
2.3962836762976E+04	17.640032756516	0	0	-2.1085806656629E-04	0.030520301312208	0.38181415200233
2.3962867283277E+04	17.258218604514	0	0	6.0544433072209E-03	0.030520301312208	0.38181415200233
2.3962897803579E+04	16.876404452511	0	0	3.536082804203E-03	0.030520301312208	0.38181415200233
2.396292832388E+04	16.494590300509	0	0	1.7032667528838E-05	0.030520301312208	0.38181415200233
2.3962958844181E+04	16.112776148507	0	0	0.010736030526459	0.030520301312208	0.38181415200233
2.3962989364483E+04	15.730961996504	0	0	3.8877027109265E-03	0.030520301312208	0.38181415200233
2.3963019884784E+04	15.349147844502	0	0	-1.9730813801289E-03	0.030520301312208	0.38181415200233
2.3963050405085E+04	14.9673336925	0	0	-0.010510814376175	0.030520301312208	0.38181415200233
2.3963080925387E+04	14.585519540497	0	0	-1.7935873474926E-03	0.030520301312208	0.38181415200233
2.3963111445688E+04	14.203705388495	0	0	2.980655990541E-03	0.030520301312208	0.38181415200233
2.3963141965989E+04	13.821891236493	0	0	-6.8497383035719E-03	0.030520301312208	0.38181415200233
2.3963172486291E+04	13.44007708449	0	0	1.0370591189712E-04	0.030520301312208	0.38181415200233
2.3963203006592E+04	13.058262932488	0	0	1.2413937365636E-03	0.030520301312208	0.38181415200233
2.3963233526893E+04	12.676448780486	0	0	-3.2952317269519E-04	0.030520301312208	0.38181415200233
2.3963264047195E+04	12.294634628483	0	0	3.6713508889079E-03	0.030520301312208	0.38181415200233
2.3963294567496E+04	11.912820476481	0	0	7.0206318050623E-03	0.030520301312208	0.38181415200233
2.3963325087797E+04	11.531006324479	0	0	3.9570992812514E-03	0.030520301312208	0.38181415200233
2.3963355608098E+04	11.149192172476	0	0	9.870626963675E-04	0.030520301312208	0.38181415200233
2.39633861284E+04	10.767378020474	0	0	7.5585851445794E-03	0.030520301312208	0.38181415200233
2.3963416648701E+04	10.385563868472	0	0	4.7128619626164E-03	0.030520301312208	0.38181415200233
2.3963447169002E+04	10.003749716469	0	0	3.5079419612885E-03	0.030520301312208	0.38181415200233
2.3963477689304E+04	9.6219355644669	0	0	-8.7439641356468E-03	0.030520301312208	0.38181415200233
2.3963508209605E+04	9.2401214124645	0	0	-3.7193200550973E-03	0.030520301312208	0.38181415200233
2.3963538729906E+04	8.8583072604622	0	0	3.8791622500867E-03	0.030520301312208	0.38181415200233
2.3963569250208E+04	8.4764931084599	0	0	6.5709529444575E-03	0.030520301312208	0.38181415200233
2.3963599770509E+04	8.0946789564575	0	0	3.3595366403461E-03	0.030520301312208	0.38181415200233
2.396363029081E+04	7.7128648044552	0	0	-1.621731556952E-03	0.030520301312208	0.38181415200233
2.3963660811112E+04	7.3310506524529	0	0	-4.129237961024E-03	0.030520301312208	0.38181415200233
2.3963691331413E+04	6.9492365004505	0	0	5.20417583175E-04	0.030520301312208	0.38181415200233
2.3963721851714E+04	6.5674223484482	0	0	-1.4134285738692E-03	0.030520301312208	0.38181415200233
2.3963752372016E+04	6.1856081964459	0	0	-4.1195340454578E-03	0.030520301312208	0.38181415200233
2.3963782892317E+04	5.8037940444435	0	0	1.2406252790242E-03	0.030520301312208	0.38181415200233
2.3963813412618E+04	5.4219798924412	0	0	5.4163825698197E-03	0.030520301312208	0.38181415200233
2.3963843932919E+04	5.0401657404389	0	0	0.017655454576015	0.030520301312208	0.38181415200233
2.3963874453221E+04	4.6583515884365	0	0	0.11460393667221	0.030520301312208	0.38181415200233
2.3963904973522E+04	4.2765374364342	0	0	0.15057867765427	0.030520301312208	0.38181415200233
2.3963935493823E+04	3.8947232844318	0	0	0.041321329772472	0.030520301312208	0.38181415200233
2.3963966014125E+04	3.5129091324295	0	0	2.9711349634454E-04	0.030520301312208	0.38181415200233
2.3963996534426E+04	3.1310949804272	0	0	7.2799145709723E-04	0.030520301312208	0.38181415200233
2.3964027054727E+04	2.7492808284248	0	0	-1.6060875495896E-03	0.030520301312208	0.38181415200233
2.3964057575029E+04	2.3674666764225	0	0	-4.8316926695406E-03	0.030520301312208	0.38181415200233
2.396408809533E+04	1.9856525244202	0	0	-5.2294689230621E-03	0.030520301312208	0.38181415200233
2.3964118615631E+04	1.6038383724178	0	0	-1.3759259600192E-03	0.030520301312208	0.38181415200233
2.3964149135933E+04	1.2220242204155	0	0	4.8411749303341E-03	0.030520301312208	0.38181415200233
2.3964179656234E+04	0.84021006841317	0	0	-2.088728826493E-03	0.030520301312208	0.38181415200233
2.3964210176535E+04	0.45839591641084	0	0	4.9416054971516E-03	0.030520301312208	0.38181415200233
2.3964240696837E+04	0.076581764408502	0	0	-5.5169118568301E-03	0.030520301312208	0.38181415200233
2.3964271217138E+04	-0.30523238759383	0	0	-1.195463584736E-03	0.030520301312208	0.38181415200233
2.3964301737439E+04	-0.68704653959617	0	0	-2.1496450062841E-03	0.030520301312208	0.38181415200233
2.396433225774E+04	-1.0688606915985	0	0	-1.8971442477778E-04	0.030520301312208	0.38181415200233
2.3964362778042E+04	-1.4506748436008	0	0	2.5385096669197E-03	0.030520301312208	0.38181415200233
2.3964393298343E+04	-1.8324889956032	0	0	-4.6920753084123E-03	0.030520301312208	0.38181415200233
2.3964423818644E+04	-2.2143031476055	0	0	-3.6956758704036E-03	0.030520301312208	0.38181415200233
2.3964454338946E+04	-2.5961172996078	0	0	-9.0456400066614E-03	0.030520301312208	0.38181415200233
2.3964484859247E+04	-2.9779314516102	0	0	-4.7931354492903E-03	0.030520301312208	0.38181415200233
2.3964515379548E+04	-3.3597456036125	0	0	-3.7000658921897E-03	0.030520301312208	0.38181415200233
2.396454589985E+04	-3.7415597556148	0	0	-5.8033568784595E-03	0.030520301312208	0.38181415200233
2.3964576420151E+04	-4.1233739076172	0	0	-1.075719948858E-03	0.030520301312208	0.38181415200233
2.3964606940452E+04	-4.5051880596195	0	0	-1.5096636489034E-03	0.030520301312208	0.38181415200233
2.3964637460754E+04	-4.8870022116218	0	0	-5.8264872059226E-03	0.030520301312208	0.38181415200233
2.3964667981055E+04	-5.2688163636242	0	0	2.5674134958535E-03	0.030520301312208	0.38181415200233
2.3964698501356E+04	-5.6506305156265	0	0	8.2178419688717E-05	0.030520301312208	0.38181415200233
2.3964729021658E+04	-6.0324446676289	0	0	-6.3311168923974E-04	0.030520301312208	0.38181415200233
2.3964759541959E+04	-6.4142588196312	0	0	2.472551073879E-03	0.030520301312208	0.38181415200233
2.396479006226E+04	-6.7960729716335	0	0	-1.100110122934E-03	0.030520301312208	0.38181415200233
2.3964820582561E+04	-7.1778871236359	0	0	4.2142970487475E-03	0.030520301312208	0.38181415200233
2.3964851102863E+04	-7.5597012756382	0	0	6.1340997926891E-03	0.030520301312208	0.38181415200233
2.3964881623164E+04	-7.9415154276405	0	0	2.5213728658855E-03	0.030520301312208	0.38181415200233
2.3964912143465E+04	-8.3233295796429	0	0	4.2758118361235E-03	0.030520301312208	0.38181415200233
2.3964942663767E+04	-8.7051437316452	0	0	-2.9572846833616E-03	0.030520301312208	0.38181415200233
2.3964973184068E+04	-9.0869578836475	0	0	6.1673833988607E-04	0.030520301312208	0.38181415200233
2.3965003704369E+04	-9.4687720356499	0	0	7.4635520577431E-03	0.030520301312208	0.38181415200233
2.3965034224671E+04	-9.8505861876522	0	0	-5.5684591643512E-05	0.030520301312208	0.38181415200233
2.3965064744972E+04	-10.232400339655	0	0	-1.2514651753008E-03	0.030520301312208	0.38181415200233
2.3965095265273E+04	-10.614214491657	0	0	-4.5271920971572E-03	0.030520301312208	0.38181415200233
2.3965125785575E+04	-10.996028643659	0	0	-1.9372263923287E-03	0.030520301312208	0.38181415200233
2.3965156305876E+04	-11.377842795662	0	0	-1.5013525262475E-03	0.030520301312208	0.38181415200233
2.3965186826177E+04	-11.759656947664	0	0	5.5808236356825E-04	0.030520301312208	0.38181415200233
2.3965217346479E+04	-12.141471099666	0	0	1.9895602017641E-03	0.030520301312208	0.38181415200233
2.396524786678E+04	-12.523285251669	0	0	-8.0545572564006E-03	0.030520301312208	0.38181415200233
2.3965278387081E+04	-12.905099403671	0	0	-6.647068541497E-03	0.030520301312208	0.38181415200233
2.3965308907382E+04	-13.286913555673	0	0	-5.0382409244776E-03	0.030520301312208	0.38181415200233
2.3965339427684E+04	-13.668727707676	0	0	-1.0112223681062E-03	0.030520301312208	0.38181415200233
2.3965369947985E+04	-14.050541859678	0	0	4.8376910854131E-04	0.030520301312208	0.38181415200233
2.3965400468286E+04	-14.43235601168	0	0	2.9127260204405E-03	0.030520301312208	0.38181415200233
2.3965430988588E+04	-14.814170163683	0	0	2.7257213369012E-03	0.030520301312208	0.38181415200233
2.3965461508889E+04	-15.195984315685	0	0	3.4965991508216E-03	0.030520301312208	0.38181415200233
2.396549202919E+04	-15.577798467687	0	0	4.8105779569596E-05	0.030520301312208	0.38181415200233
2.3965522549492E+04	-15.95961261969	0	0	8.3487422671169E-04	0.030520301312208	0.38181415200233
2.3965553069793E+04	-16.341426771692	0	0	5.6678347755224E-04	0.030520301312208	0.38181415200233
2.3965583590094E+04	-16.723240923694	0	0	9.971383260563E-04	0.030520301312208	0.38181415200233
2.3965614110396E+04	-17.105055075697	0	0	6.1972620896995E-03	0.030520301312208	0.38181415200233
2.3965644630697E+04	-17.486869227699	0	0	0.012793157249689	0.030520301312208	0.38181415200233
2.3965675150998E+04	-17.868683379701	0	0	9.4648329541087E-03	0.030520301312208	0.38181415200233
2.39657056713E+04	-18.250497531704	0	0	7.055751979351E-03	0.030520301312208	0.38181415200233
2.3965736191601E+04	-18.632311683706	0	0	2.381450496614E-03	0.030520301312208	0.38181415200233
2.3965766711902E+04	-19.014125835708	0	0	4.2436248622835E-03	0.030520301312208	0.38181415200233
2.3965797232203E+04	-19.395939987711	0	0	2.6018400676548E-03	0.030520301312208	0.38181415200233
2.3965827752505E+04	-19.777754139713	0	0	-2.3032242897898E-03	0.030520301312208	0.38181415200233
2.3965858272806E+04	-20.159568291715	0	0	-2.1990148816258E-03	0.030520301312208	0.38181415200233
2.3965888793107E+04	-20.541382443718	0	0	-1.8975682905875E-04	0.030520301312208	0.38181415200233
2.3965919313409E+04	-20.92319659572	0	0	-1.6725428868085E-03	0.030520301312208	0.38181415200233
2.396594983371E+04	-21.305010747722	0	0	9.9949387367815E-04	0.030520301312208	0.38181415200233
2.3965980354011E+04	-21.686824899725	0	0	-8.3652446046472E-03	0.030520301312208	0.38181415200233
2.3966010874313E+04	-22.068639051727	0	0	-8.8782459497452E-03	0.030520301312208	0.38181415200233
2.3966041394614E+04	-22.450453203729	0	0	-5.0558997318149E-03	0.030520301312208	0.38181415200233
2.3966071914915E+04	-22.832267355732	0	0	-4.2163194157183E-03	0.030520301312208	0.38181415200233
2.3966102435217E+04	-23.214081507734	0	0	-3.0515275429934E-03	0.030520301312208	0.38181415200233
2.3966132955518E+04	-23.595895659736	0	0	6.7604328505695E-03	0.030520301312208	0.38181415200233
2.3966163475819E+04	-23.977709811739	0	0	3.0690212734044E-03	0.030520301312208	0.38181415200233
2.3966193996121E+04	-24.359523963741	0	0	-7.457546889782E-04	0.030520301312208	0.38181415200233
2.3966224516422E+04	-24.741338115743	0	0	-5.4537612013519E-03	0.030520301312208	0.38181415200233
2.3966255036723E+04	-25.123152267746	0	0	4.2692297138274E-03	0.030520301312208	0.38181415200233
2.3966285557024E+04	-25.504966419748	0	0	8.4932398749515E-04	0.030520301312208	0.38181415200233
2.6623862742774E+04	34.50744056128	0	0	4.6058837324381E-04	0.030520301312208	0.34363290667534
2.6623893263076E+04	34.163807654605	0	0	7.8402329236269E-03	0.030520301312208	0.34363290667534
2.6623923783377E+04	33.820174747929	0	0	1.1960780248046E-03	0.030520301312208	0.34363290667534
2.6623954303678E+04	33.476541841254	0	0	-3.9254920557141E-03	0.030520301312208	0.34363290667534
2.662398482398E+04	33.132908934579	0	0	-0.014390643686056	0.030520301312208	0.34363290667534
2.6624015344281E+04	32.789276027903	0	0	-6.4824772998691E-03	0.030520301312208	0.34363290667534
2.6624045864582E+04	32.445643121228	0	0	0.010480006225407	0.030520301312208	0.34363290667534
2.6624076384884E+04	32.102010214553	0	0	-4.7437064349651E-03	0.030520301312208	0.34363290667534
2.6624106905185E+04	31.758377307877	0	0	-2.3251120001078E-03	0.030520301312208	0.34363290667534
2.6624137425486E+04	31.414744401202	0	0	-7.6419422402978E-03	0.030520301312208	0.34363290667534
2.6624167945787E+04	31.071111494527	0	0	-0.018772251904011	0.030520301312208	0.34363290667534
2.6624198466089E+04	30.727478587851	0	0	-1.6094781458378E-03	0.030520301312208	0.34363290667534
2.662422898639E+04	30.383845681176	0	0	5.1368488930166E-03	0.030520301312208	0.34363290667534
2.6624259506691E+04	30.040212774501	0	0	2.4484265595675E-03	0.030520301312208	0.34363290667534
2.6624290026993E+04	29.696579867825	0	0	0.014871615916491	0.030520301312208	0.34363290667534
2.6624320547294E+04	29.35294696115	0	0	0.014297327026725	0.030520301312208	0.34363290667534
2.6624351067595E+04	29.009314054475	0	0	0.018119141459465	0.030520301312208	0.34363290667534
2.6624381587897E+04	28.665681147799	0	0	-0.013484008610249	0.030520301312208	0.34363290667534
2.6624412108198E+04	28.322048241124	0	0	-0.017776710912585	0.030520301312208	0.34363290667534
2.6624442628499E+04	27.978415334449	0	0	-0.021800257265568	0.030520301312208	0.34363290667534
2.6624473148801E+04	27.634782427773	0	0	-6.7561864852905E-05	0.030520301312208	0.34363290667534
2.6624503669102E+04	27.291149521098	0	0	0.016513600945473	0.030520301312208	0.34363290667534
2.6624534189403E+04	26.947516614423	0	0	-2.3593325167894E-03	0.030520301312208	0.34363290667534
2.6624564709705E+04	26.603883707747	0	0	-6.8439380265772E-03	0.030520301312208	0.34363290667534
2.6624595230006E+04	26.260250801072	0	0	-0.022222518920898	0.030520301312208	0.34363290667534
2.6624625750307E+04	25.916617894396	0	0	-6.9898730143905E-03	0.030520301312208	0.34363290667534
2.6624656270608E+04	25.572984987721	0	0	-6.104651838541E-03	0.030520301312208	0.34363290667534
2.662468679091E+04	25.229352081046	0	0	5.5547198280692E-03	0.030520301312208	0.34363290667534
2.6624717311211E+04	24.88571917437	0	0	-4.8988610506058E-03	0.030520301312208	0.34363290667534
2.6624747831512E+04	24.542086267695	0	0	-6.7609176039696E-04	0.030520301312208	0.34363290667534
2.6624778351814E+04	24.19845336102	0	0	8.3883041515946E-03	0.030520301312208	0.34363290667534
2.6624808872115E+04	23.854820454344	0	0	-0.017075765877962	0.030520301312208	0.34363290667534
2.6624839392416E+04	23.511187547669	0	0	-0.018218092620373	0.030520301312208	0.34363290667534
2.6624869912718E+04	23.167554640994	0	0	-0.012409625574946	0.030520301312208	0.34363290667534
2.6624900433019E+04	22.823921734318	0	0	0.010591765865684	0.030520301312208	0.34363290667534
2.662493095332E+04	22.480288827643	0	0	0.012338673695922	0.030520301312208	0.34363290667534
2.6624961473622E+04	22.136655920968	0	0	1.8774610944092E-03	0.030520301312208	0.34363290667534
2.6624991993923E+04	21.793023014292	0	0	2.7218880131841E-04	0.030520301312208	0.34363290667534
2.6625022514224E+04	21.449390107617	0	0	-0.027120642364025	0.030520301312208	0.34363290667534
2.6625053034526E+04	21.105757200942	0	0	-1.8697734922171E-03	0.030520301312208	0.34363290667534
2.6625083554827E+04	20.762124294266	0	0	0.011986372992396	0.030520301312208	0.34363290667534
2.6625114075128E+04	20.418491387591	0	0	-6.7599583417177E-03	0.030520301312208	0.34363290667534
2.6625144595429E+04	20.074858480916	0	0	2.3492812179029E-03	0.030520301312208	0.34363290667534
2.6625175115731E+04	19.73122557424	0	0	-1.4198385179043E-03	0.030520301312208	0.34363290667534
2.6625205636032E+04	19.387592667565	0	0	5.7327779941261E-03	0.030520301312208	0.34363290667534
2.6625236156333E+04	19.04395976089	0	0	0.017681963741779	0.030520301312208	0.34363290667534
2.6625266676635E+04	18.700326854214	0	0	0.012281717732549	0.030520301312208	0.34363290667534
2.6625297196936E+04	18.356693947539	0	0	0.029140263795853	0.030520301312208	0.34363290667534
2.6625327717237E+04	18.013061040864	0	0	0.017733134329319	0.030520301312208	0.34363290667534
2.6625358237539E+04	17.669428134188	0	0	-4.4572786428034E-03	0.030520301312208	0.34363290667534
2.662538875784E+04	17.325795227513	0	0	6.8782148882747E-03	0.030520301312208	0.34363290667534
2.6625419278141E+04	16.982162320838	0	0	-3.9617978036404E-03	0.030520301312208	0.34363290667534
2.6625449798443E+04	16.638529414162	0	0	-0.012854318134487	0.030520301312208	0.34363290667534
2.6625480318744E+04	16.294896507487	0	0	9.9764540791512E-03	0.030520301312208	0.34363290667534
2.6625510839045E+04	15.951263600812	0	0	-7.566143758595E-03	0.030520301312208	0.34363290667534
2.6625541359347E+04	15.607630694136	0	0	-8.677177131176E-03	0.030520301312208	0.34363290667534
2.6625571879648E+04	15.263997787461	0	0	2.0656087435782E-03	0.030520301312208	0.34363290667534
2.6625602399949E+04	14.920364880786	0	0	0.020167462527752	0.030520301312208	0.34363290667534
2.662563292025E+04	14.57673197411	0	0	-6.194862537086E-03	0.030520301312208	0.34363290667534
2.6625663440552E+04	14.233099067435	0	0	-0.020505510270596	0.030520301312208	0.34363290667534
2.6625693960853E+04	13.88946616076	0	0	-9.5098447054625E-03	0.030520301312208	0.34363290667534
2.6625724481154E+04	13.545833254084	0	0	-4.4859829358757E-03	0.030520301312208	0.34363290667534
2.6625755001456E+04	13.202200347409	0	0	0.011852355673909	0.030520301312208	0.34363290667534
2.6625785521757E+04	12.858567440734	0	0	0.028659280389547	0.030520301312208	0.34363290667534
2.6625816042058E+04	12.514934534058	0	0	2.9064286500216E-03	0.030520301312208	0.34363290667534
2.662584656236E+04	12.171301627383	0	0	8.8700689375401E-03	0.030520301312208	0.34363290667534
2.6625877082661E+04	11.827668720708	0	0	0.01683590747416	0.030520301312208	0.34363290667534
2.6625907602962E+04	11.484035814032	0	0	7.5565595179796E-03	0.030520301312208	0.34363290667534
2.6625938123264E+04	11.140402907357	0	0	0.015355484560132	0.030520301312208	0.34363290667534
2.6625968643565E+04	10.796770000682	0	0	-9.6043795347214E-03	0.030520301312208	0.34363290667534
2.6625999163866E+04	10.453137094006	0	0	5.5780420079827E-03	0.030520301312208	0.34363290667534
2.6626029684168E+04	10.109504187331	0	0	7.9593844711781E-03	0.030520301312208	0.34363290667534
2.6626060204469E+04	9.7658712806556	0	0	0.011485513299704	0.030520301312208	0.34363290667534
2.662609072477E+04	9.4222383739802	0	0	0.010752950794995	0.030520301312208	0.34363290667534
2.6626121245071E+04	9.0786054673049	0	0	0.016574170440435	0.030520301312208	0.34363290667534
2.6626151765373E+04	8.7349725606296	0	0	-7.8912992030382E-03	0.030520301312208	0.34363290667534
2.6626182285674E+04	8.3913396539542	0	0	-6.3617108389735E-03	0.030520301312208	0.34363290667534
2.6626212805975E+04	8.0477067472789	0	0	-1.7728814855218E-03	0.030520301312208	0.34363290667534
2.6626243326277E+04	7.7040738406035	0	0	7.0812213234603E-03	0.030520301312208	0.34363290667534
2.6626273846578E+04	7.3604409339282	0	0	-1.8761325627565E-03	0.030520301312208	0.34363290667534
2.6626304366879E+04	7.0168080272529	0	0	-0.012430556118488	0.030520301312208	0.34363290667534
2.6626334887181E+04	6.6731751205775	0	0	0.010462073609233	0.030520301312208	0.34363290667534
2.6626365407482E+04	6.3295422139022	0	0	0.019387792795897	0.030520301312208	0.34363290667534
2.6626395927783E+04	5.9859093072268	0	0	9.7732879221439E-03	0.030520301312208	0.34363290667534
2.6626426448085E+04	5.6422764005515	0	0	-0.015221985056996	0.030520301312208	0.34363290667534
2.6626456968386E+04	5.2986434938762	0	0	8.6872344836593E-03	0.030520301312208	0.34363290667534
2.6626487488687E+04	4.9550105872008	0	0	0.037077948451042	0.030520301312208	0.34363290667534
2.6626518008989E+04	4.6113776805255	0	0	0.07599101215601	0.030520301312208	0.34363290667534
2.662654852929E+04	4.2677447738502	0	0	0.046333413571119	0.030520301312208	0.34363290667534
2.6626579049591E+04	3.9241118671748	0	0	0.013157924637198	0.030520301312208	0.34363290667534
2.6626609569892E+04	3.5804789604995	0	0	0.016492171213031	0.030520301312208	0.34363290667534
2.6626640090194E+04	3.2368460538241	0	0	-0.01284792739898	0.030520301312208	0.34363290667534
2.6626670610495E+04	2.8932131471488	0	0	-0.023893879726529	0.030520301312208	0.34363290667534
2.6626701130796E+04	2.5495802404735	0	0	-0.023558164015412	0.030520301312208	0.34363290667534
2.6626731651098E+04	2.2059473337981	0	0	-0.016636393964291	0.030520301312208	0.34363290667534
2.6626762171399E+04	1.8623144271228	0	0	5.3422884084284E-03	0.030520301312208	0.34363290667534
2.66267926917E+04	1.5186815204474	0	0	-0.010038913227618	0.030520301312208	0.34363290667534
2.6626823212002E+04	1.1750486137721	0	0	-0.012049039825797	0.030520301312208	0.34363290667534
2.6626853732303E+04	0.83141570709677	0	0	-3.8808071985841E-03	0.030520301312208	0.34363290667534
2.6626884252604E+04	0.48778280042143	0	0	5.1097702234983E-03	0.030520301312208	0.34363290667534
2.6626914772906E+04	0.14414989374609	0	0	0.029193056747317	0.030520301312208	0.34363290667534
2.6626945293207E+04	-0.19948301292925	0	0	0.022653505206108	0.030520301312208	0.34363290667534
2.6626975813508E+04	-0.54311591960459	0	0	0.030581027269363	0.030520301312208	0.34363290667534
2.662700633381E+04	-0.88674882627993	0	0	7.4445493519306E-03	0.030520301312208	0.34363290667534
2.6627036854111E+04	-1.2303817329553	0	0	-0.019564367830753	0.030520301312208	0.34363290667534
2.6627067374412E+04	-1.5740146396306	0	0	-9.8072690889239E-03	0.030520301312208	0.34363290667534
2.6627097894713E+04	-1.9176475463059	0	0	0.012241348624229	0.030520301312208	0.34363290667534
2.6627128415015E+04	-2.2612804529813	0	0	0.021669592708349	0.030520301312208	0.34363290667534
2.6627158935316E+04	-2.6049133596566	0	0	0.014323894865811	0.030520301312208	0.34363290667534
2.6627189455617E+04	-2.948546266332	0	0	-0.016894428059459	0.030520301312208	0.34363290667534
2.6627219975919E+04	-3.2921791730073	0	0	-0.022231210023165	0.030520301312208	0.34363290667534
2.662725049622E+04	-3.6358120796826	0	0	1.8969548400491E-03	0.030520301312208	0.34363290667534
2.6627281016521E+04	-3.979444986358	0	0	8.6635630577803E-04	0.030520301312208	0.34363290667534
2.6627311536823E+04	-4.3230778930333	0	0	-2.8932238928974E-03	0.030520301312208	0.34363290667534
2.6627342057124E+04	-4.6667107997087	0	0	-1.7825728282332E-03	0.030520301312208	0.34363290667534
2.6627372577425E+04	-5.010343706384	0	0	0.012430183589458	0.030520301312208	0.34363290667534
2.6627403097727E+04	-5.3539766130593	0	0	0.01084956061095	0.030520301312208	0.34363290667534
2.6627433618028E+04	-5.6976095197347	0	0	0.02133122459054	0.030520301312208	0.34363290667534
2.6627464138329E+04	-6.04124242641	0	0	-7.985845208168E-03	0.030520301312208	0.34363290667534
2.662749465863E+04	-6.3848753330853	0	0	-1.5252875164151E-03	0.030520301312208	0.34363290667534
2.6627525178932E+04	-6.7285082397607	0	0	-0.015928275883198	0.030520301312208	0.34363290667534
2.6627555699233E+04	-7.072141146436	0	0	5.4380311630666E-03	0.030520301312208	0.34363290667534
2.6627586219534E+04	-7.4157740531114	0	0	-1.0447027161717E-03	0.030520301312208	0.34363290667534
2.6627616739836E+04	-7.7594069597867	0	0	-1.5793591737747E-03	0.030520301312208	0.34363290667534
2.6627647260137E+04	-8.103039866462	0	0	-6.6192392259836E-03	0.030520301312208	0.34363290667534
2.6627677780438E+04	-8.4466727731374	0	0	-0.02313593775034	0.030520301312208	0.34363290667534
2.662770830074E+04	-8.7903056798127	0	0	-0.011431748047471	0.030520301312208	0.34363290667534
2.6627738821041E+04	-9.1339385864881	0	0	-8.8051250204444E-03	0.030520301312208	0.34363290667534
2.6627769341342E+04	-9.4775714931634	0	0	-0.016318671405315	0.030520301312208	0.34363290667534
2.6627799861644E+04	-9.8212043998387	0	0	-0.02310511469841	0.030520301312208	0.34363290667534
2.6627830381945E+04	-10.164837306514	0	0	-0.015908289700747	0.030520301312208	0.34363290667534
2.6627860902246E+04	-10.508470213189	0	0	-7.0031476207078E-03	0.030520301312208	0.34363290667534
2.6627891422548E+04	-10.852103119865	0	0	-0.01349662989378	0.030520301312208	0.34363290667534
2.6627921942849E+04	-11.19573602654	0	0	-9.9946428090334E-03	0.030520301312208	0.34363290667534
2.662795246315E+04	-11.539368933215	0	0	-2.9095625504851E-03	0.030520301312208	0.34363290667534
2.6627982983451E+04	-11.883001839891	0	0	-3.6888862960041E-03	0.030520301312208	0.34363290667534
2.6628013503753E+04	-12.226634746566	0	0	9.2970561236143E-03	0.030520301312208	0.34363290667534
2.6628044024054E+04	-12.570267653241	0	0	-0.01326896622777	0.030520301312208	0.34363290667534
2.6628074544355E+04	-12.913900559917	0	0	-1.8819309771061E-03	0.030520301312208	0.34363290667534
2.6628105064657E+04	-13.257533466592	0	0	-9.992397390306E-03	0.030520301312208	0.34363290667534
2.6628135584958E+04	-13.601166373267	0	0	-6.7068487405777E-03	0.030520301312208	0.34363290667534
2.6628166105259E+04	-13.944799279943	0	0	-3.0059353448451E-03	0.030520301312208	0.34363290667534
2.6628196625561E+04	-14.288432186618	0	0	2.3745507933199E-03	0.030520301312208	0.34363290667534
2.6628227145862E+04	-14.632065093293	0	0	5.0617349334061E-03	0.030520301312208	0.34363290667534
2.6628257666163E+04	-14.975697999969	0	0	0.010282118804753	0.030520301312208	0.34363290667534
2.6628288186465E+04	-15.319330906644	0	0	9.9037140607834E-03	0.030520301312208	0.34363290667534
2.6628318706766E+04	-15.662963813319	0	0	6.4317919313908E-03	0.030520301312208	0.34363290667534
2.6628349227067E+04	-16.006596719995	0	0	-0.012428173795342	0.030520301312208	0.34363290667534
2.6628379747369E+04	-16.35022962667	0	0	-1.8286192789674E-04	0.030520301312208	0.34363290667534
2.662841026767E+04	-16.693862533346	0	0	0.015805590897799	0.030520301312208	0.34363290667534
2.6628440787971E+04	-17.037495440021	0	0	0.017689725384116	0.030520301312208	0.34363290667534
2.6628471308272E+04	-17.381128346696	0	0	4.9968748353422E-03	0.030520301312208	0.34363290667534
2.6628501828574E+04	-17.724761253372	0	0	9.8414346575737E-03	0.030520301312208	0.34363290667534
2.6628532348875E+04	-18.068394160047	0	0	-7.0161465555429E-03	0.030520301312208	0.34363290667534
2.6628562869176E+04	-18.412027066722	0	0	-0.021848481148481	0.030520301312208	0.34363290667534
2.6628593389478E+04	-18.755659973398	0	0	9.9040698260069E-03	0.030520301312208	0.34363290667534
2.6628623909779E+04	-19.099292880073	0	0	0.034462943673134	0.030520301312208	0.34363290667534
2.662865443008E+04	-19.442925786748	0	0	1.2620168272406E-03	0.030520301312208	0.34363290667534
2.6628684950382E+04	-19.786558693424	0	0	2.6731921825558E-03	0.030520301312208	0.34363290667534
2.6628715470683E+04	-20.130191600099	0	0	8.9530069380999E-03	0.030520301312208	0.34363290667534
2.6628745990984E+04	-20.473824506774	0	0	-0.022597735747695	0.030520301312208	0.34363290667534
2.6628776511286E+04	-20.81745741345	0	0	-0.011104426346719	0.030520301312208	0.34363290667534
2.6628807031587E+04	-21.161090320125	0	0	-9.7231864929199E-03	0.030520301312208	0.34363290667534
2.6628837551888E+04	-21.5047232268	0	0	4.6107321977615E-03	0.030520301312208	0.34363290667534
2.662886807219E+04	-21.848356133476	0	0	1.6186386346817E-03	0.030520301312208	0.34363290667534
2.6628898592491E+04	-22.191989040151	0	0	-8.085704408586E-03	0.030520301312208	0.34363290667534
2.6628929112792E+04	-22.535621946826	0	0	-0.012013426050544	0.030520301312208	0.34363290667534
2.6628959633093E+04	-22.879254853502	0	0	3.7675211206079E-04	0.030520301312208	0.34363290667534
2.6628990153395E+04	-23.222887760177	0	0	6.4659398049116E-06	0.030520301312208	0.34363290667534
2.6629020673696E+04	-23.566520666852	0	0	0.010611141100526	0.030520301312208	0.34363290667534
2.6629051193997E+04	-23.910153573528	0	0	0.03011479973793	0.030520301312208	0.34363290667534
2.6629081714299E+04	-24.253786480203	0	0	9.4488151371479E-03	0.030520301312208	0.34363290667534
2.66291122346E+04	-24.597419386878	0	0	-0.011305163614452	0.030520301312208	0.34363290667534
2.6629142754901E+04	-24.941052293554	0	0	-0.011386428028345	0.030520301312208	0.34363290667534
2.6629173275203E+04	-25.284685200229	0	0	3.0948750209063E-03	0.030520301312208	0.34363290667534
