// number of line : 561
// vlsr : 4.1
FreqLsb VeloLsb FreqUsb VeloUsb Intensity DeltaF DeltaV
1.8636132793661E+04 44.047517548315 0 0  3.2328261295334E-04 0.030517578125 0.49085938930511
1.863616331124E+04 43.55665815901 0 0  5.3355284035206E-03 0.030517578125 0.49085938930511
1.8636193828818E+04 43.065798769705 0 0  8.8792350143194E-03 0.030517578125 0.49085938930511
1.8636224346396E+04 42.5749393804 0 0  -2.9189649503678E-03 0.030517578125 0.49085938930511
1.8636254863974E+04 42.084079991095 0 0  -5.4701347835362E-03 0.030517578125 0.49085938930511
1.8636285381552E+04 41.59322060179 0 0  -8.7902676314116E-03 0.030517578125 0.49085938930511
1.863631589913E+04 41.102361212485 0 0  -3.7487996742129E-03 0.030517578125 0.49085938930511
1.8636346416708E+04 40.611501823179 0 0  2.4220338091254E-03 0.030517578125 0.49085938930511
1.8636376934286E+04 40.120642433874 0 0  7.6714274473488E-04 0.030517578125 0.49085938930511
1.8636407451865E+04 39.629783044569 0 0  2.18266248703E-03 0.030517578125 0.49085938930511
1.8636437969443E+04 39.138923655264 0 0  5.9308987110853E-03 0.030517578125 0.49085938930511
1.8636468487021E+04 38.648064265959 0 0  4.4417306780815E-03 0.030517578125 0.49085938930511
1.8636499004599E+04 38.157204876654 0 0  -6.442385725677E-03 0.030517578125 0.49085938930511
1.8636529522177E+04 37.666345487349 0 0  -1.9146745325997E-03 0.030517578125 0.49085938930511
1.8636560039755E+04 37.175486098044 0 0  -1.3884470099583E-03 0.030517578125 0.49085938930511
1.8636590557333E+04 36.684626708739 0 0  2.9145792359486E-04 0.030517578125 0.49085938930511
1.8636621074911E+04 36.193767319433 0 0  -3.4194190520793E-03 0.030517578125 0.49085938930511
1.863665159249E+04 35.702907930128 0 0  -6.9248513318598E-03 0.030517578125 0.49085938930511
1.8636682110068E+04 35.212048540823 0 0  1.2121772160754E-03 0.030517578125 0.49085938930511
1.8636712627646E+04 34.721189151518 0 0  -1.6360489826184E-04 0.030517578125 0.49085938930511
1.8636743145224E+04 34.230329762213 0 0  -7.8129587927833E-04 0.030517578125 0.49085938930511
1.8636773662802E+04 33.739470372908 0 0  -3.9860489778221E-03 0.030517578125 0.49085938930511
1.863680418038E+04 33.248610983603 0 0  -8.1360654439777E-04 0.030517578125 0.49085938930511
1.8636834697958E+04 32.757751594298 0 0  2.2113458253443E-03 0.030517578125 0.49085938930511
1.8636865215536E+04 32.266892204992 0 0  4.1993707418442E-03 0.030517578125 0.49085938930511
1.8636895733115E+04 31.776032815687 0 0  9.5951044932008E-03 0.030517578125 0.49085938930511
1.8636926250693E+04 31.285173426382 0 0  7.2035887278616E-03 0.030517578125 0.49085938930511
1.8636956768271E+04 30.794314037077 0 0  4.5707682147622E-03 0.030517578125 0.49085938930511
1.8636987285849E+04 30.303454647772 0 0  2.6892442256212E-03 0.030517578125 0.49085938930511
1.8637017803427E+04 29.812595258467 0 0  8.0686807632446E-03 0.030517578125 0.49085938930511
1.8637048321005E+04 29.321735869162 0 0  -1.4601974980906E-03 0.030517578125 0.49085938930511
1.8637078838583E+04 28.830876479857 0 0  -2.3354217410088E-03 0.030517578125 0.49085938930511
1.8637109356161E+04 28.340017090552 0 0  -1.1220743181184E-03 0.030517578125 0.49085938930511
1.863713987374E+04 27.849157701246 0 0  6.5319719724357E-03 0.030517578125 0.49085938930511
1.8637170391318E+04 27.358298311941 0 0  -1.7531714402139E-03 0.030517578125 0.49085938930511
1.8637200908896E+04 26.867438922636 0 0  -2.2851601243019E-03 0.030517578125 0.49085938930511
1.8637231426474E+04 26.376579533331 0 0  -8.6018508300185E-03 0.030517578125 0.49085938930511
1.8637261944052E+04 25.885720144026 0 0  3.5675566177815E-03 0.030517578125 0.49085938930511
1.863729246163E+04 25.394860754721 0 0  -9.7328162519261E-04 0.030517578125 0.49085938930511
1.8637322979208E+04 24.904001365416 0 0  -2.397873904556E-03 0.030517578125 0.49085938930511
1.8637353496786E+04 24.413141976111 0 0  3.9573484100401E-03 0.030517578125 0.49085938930511
1.8637384014365E+04 23.922282586806 0 0  1.0096558835357E-03 0.030517578125 0.49085938930511
1.8637414531943E+04 23.4314231975 0 0  -3.4303474240005E-03 0.030517578125 0.49085938930511
1.8637445049521E+04 22.940563808195 0 0  -6.6345389932394E-03 0.030517578125 0.49085938930511
1.8637475567099E+04 22.44970441889 0 0  -1.0928070405498E-03 0.030517578125 0.49085938930511
1.8637506084677E+04 21.958845029585 0 0  -4.3050316162407E-03 0.030517578125 0.49085938930511
1.8637536602255E+04 21.46798564028 0 0  -3.2835185993463E-03 0.030517578125 0.49085938930511
1.8637567119833E+04 20.977126250975 0 0  -6.9768400862813E-03 0.030517578125 0.49085938930511
1.8637597637411E+04 20.48626686167 0 0  2.6291026733816E-03 0.030517578125 0.49085938930511
1.863762815499E+04 19.995407472365 0 0  -1.5854256926104E-03 0.030517578125 0.49085938930511
1.8637658672568E+04 19.504548083059 0 0  -2.237037755549E-03 0.030517578125 0.49085938930511
1.8637689190146E+04 19.013688693754 0 0  -3.1948261894286E-03 0.030517578125 0.49085938930511
1.8637719707724E+04 18.522829304449 0 0  -5.878274794668E-03 0.030517578125 0.49085938930511
1.8637750225302E+04 18.031969915144 0 0  5.2162120118737E-03 0.030517578125 0.49085938930511
1.863778074288E+04 17.541110525839 0 0  -3.1783445738256E-03 0.030517578125 0.49085938930511
1.8637811260458E+04 17.050251136534 0 0  3.7451437674463E-03 0.030517578125 0.49085938930511
1.8637841778036E+04 16.559391747229 0 0  6.2635857611895E-03 0.030517578125 0.49085938930511
1.8637872295615E+04 16.068532357924 0 0  2.2835566196591E-03 0.030517578125 0.49085938930511
1.8637902813193E+04 15.577672968619 0 0  -3.3509819768369E-03 0.030517578125 0.49085938930511
1.8637933330771E+04 15.086813579313 0 0  -8.4953807527199E-04 0.030517578125 0.49085938930511
1.8637963848349E+04 14.595954190008 0 0  1.4319575857371E-03 0.030517578125 0.49085938930511
1.8637994365927E+04 14.105094800703 0 0  -1.4306273078546E-03 0.030517578125 0.49085938930511
1.8638024883505E+04 13.614235411398 0 0  -3.6521696019918E-03 0.030517578125 0.49085938930511
1.8638055401083E+04 13.123376022093 0 0  3.3869137405418E-04 0.030517578125 0.49085938930511
1.8638085918661E+04 12.632516632788 0 0  -1.3003874337301E-03 0.030517578125 0.49085938930511
1.863811643624E+04 12.141657243483 0 0  -3.9897370152175E-03 0.030517578125 0.49085938930511
1.8638146953818E+04 11.650797854178 0 0  -3.9195045246743E-04 0.030517578125 0.49085938930511
1.8638177471396E+04 11.159938464873 0 0  6.6898074001074E-03 0.030517578125 0.49085938930511
1.8638207988974E+04 10.669079075567 0 0  5.0688255578279E-03 0.030517578125 0.49085938930511
1.8638238506552E+04 10.178219686262 0 0  -1.2066575000063E-03 0.030517578125 0.49085938930511
1.863826902413E+04 9.6873602969572 0 0  -2.3820379283279E-03 0.030517578125 0.49085938930511
1.8638299541708E+04 9.1965009076521 0 0  9.8541835322976E-03 0.030517578125 0.49085938930511
1.8638330059286E+04 8.705641518347 0 0  -2.4779655504972E-03 0.030517578125 0.49085938930511
1.8638360576865E+04 8.2147821290419 0 0  2.7807371225208E-03 0.030517578125 0.49085938930511
1.8638391094443E+04 7.7239227397367 0 0  -8.1867901608348E-03 0.030517578125 0.49085938930511
1.8638421612021E+04 7.2330633504316 0 0  3.835572861135E-03 0.030517578125 0.49085938930511
1.8638452129599E+04 6.7422039611265 0 0  1.3787712669E-03 0.030517578125 0.49085938930511
1.8638482647177E+04 6.2513445718214 0 0  -2.3836330510676E-03 0.030517578125 0.49085938930511
1.8638513164755E+04 5.7604851825163 0 0  4.3979816837236E-04 0.030517578125 0.49085938930511
1.8638543682333E+04 5.2696257932112 0 0  -2.2288290783763E-03 0.030517578125 0.49085938930511
1.8638574199911E+04 4.778766403906 0 0  0.019946737214923 0.030517578125 0.49085938930511
1.863860471749E+04 4.2879070146009 0 0  0.071309559047222 0.030517578125 0.49085938930511
1.8638635235068E+04 3.7970476252958 0 0  0.062653429806232 0.030517578125 0.49085938930511
1.8638665752646E+04 3.3061882359907 0 0  4.4327857904136E-03 0.030517578125 0.49085938930511
1.8638696270224E+04 2.8153288466856 0 0  -7.1694632060826E-03 0.030517578125 0.49085938930511
1.8638726787802E+04 2.3244694573805 0 0  -2.7780125383288E-03 0.030517578125 0.49085938930511
1.863875730538E+04 1.8336100680754 0 0  5.211032461375E-03 0.030517578125 0.49085938930511
1.8638787822958E+04 1.3427506787702 0 0  1.6266457969323E-03 0.030517578125 0.49085938930511
1.8638818340536E+04 0.85189128946513 0 0  -5.2800765261054E-03 0.030517578125 0.49085938930511
1.8638848858115E+04 0.36103190016001 0 0  -7.8668668866158E-03 0.030517578125 0.49085938930511
1.8638879375693E+04 -0.1298274891451 0 0  1.730460789986E-03 0.030517578125 0.49085938930511
1.8638909893271E+04 -0.62068687845021 0 0  0.010572290979326 0.030517578125 0.49085938930511
1.8638940410849E+04 -1.1115462677553 0 0  3.9423680864275E-03 0.030517578125 0.49085938930511
1.8638970928427E+04 -1.6024056570604 0 0  -1.4479066885542E-04 0.030517578125 0.49085938930511
1.8639001446005E+04 -2.0932650463656 0 0  4.7163851559162E-04 0.030517578125 0.49085938930511
1.8639031963583E+04 -2.5841244356707 0 0  6.6234618425369E-03 0.030517578125 0.49085938930511
1.8639062481161E+04 -3.0749838249758 0 0  -2.2825493942946E-03 0.030517578125 0.49085938930511
1.863909299874E+04 -3.5658432142809 0 0  -2.9368395917118E-03 0.030517578125 0.49085938930511
1.8639123516318E+04 -4.056702603586 0 0  -6.4709815196693E-03 0.030517578125 0.49085938930511
1.8639154033896E+04 -4.5475619928911 0 0  2.84244120121E-03 0.030517578125 0.49085938930511
1.8639184551474E+04 -5.0384213821962 0 0  -1.1360655771568E-03 0.030517578125 0.49085938930511
1.8639215069052E+04 -5.5292807715014 0 0  8.2020531408489E-04 0.030517578125 0.49085938930511
1.863924558663E+04 -6.0201401608065 0 0  -6.289322860539E-03 0.030517578125 0.49085938930511
1.8639276104208E+04 -6.5109995501116 0 0  -3.6083348095417E-03 0.030517578125 0.49085938930511
1.8639306621786E+04 -7.0018589394167 0 0  1.2438802514225E-03 0.030517578125 0.49085938930511
1.8639337139365E+04 -7.4927183287218 0 0  2.7019365224987E-03 0.030517578125 0.49085938930511
1.8639367656943E+04 -7.9835777180269 0 0  1.0985482949764E-03 0.030517578125 0.49085938930511
1.8639398174521E+04 -8.4744371073321 0 0  2.6372410356998E-03 0.030517578125 0.49085938930511
1.8639428692099E+04 -8.9652964966372 0 0  -3.9782866952009E-04 0.030517578125 0.49085938930511
1.8639459209677E+04 -9.4561558859423 0 0  -9.0309884399176E-03 0.030517578125 0.49085938930511
1.8639489727255E+04 -9.9470152752474 0 0  1.9337096018717E-03 0.030517578125 0.49085938930511
1.8639520244833E+04 -10.437874664553 0 0  5.9500019997358E-03 0.030517578125 0.49085938930511
1.8639550762412E+04 -10.928734053858 0 0  1.9904519431293E-03 0.030517578125 0.49085938930511
1.863958127999E+04 -11.419593443163 0 0  1.3847565278411E-03 0.030517578125 0.49085938930511
1.8639611797568E+04 -11.910452832468 0 0  -3.6265165545046E-03 0.030517578125 0.49085938930511
1.8639642315146E+04 -12.401312221773 0 0  -2.1623321808875E-03 0.030517578125 0.49085938930511
1.8639672832724E+04 -12.892171611078 0 0  -3.0106524354778E-04 0.030517578125 0.49085938930511
1.8639703350302E+04 -13.383031000383 0 0  2.1891589276493E-03 0.030517578125 0.49085938930511
1.863973386788E+04 -13.873890389688 0 0  1.2864946620539E-03 0.030517578125 0.49085938930511
1.8639764385458E+04 -14.364749778993 0 0  -1.3805334456265E-03 0.030517578125 0.49085938930511
1.8639794903036E+04 -14.855609168299 0 0  -5.1740475464612E-04 0.030517578125 0.49085938930511
1.8639825420615E+04 -15.346468557604 0 0  -6.5270969644189E-03 0.030517578125 0.49085938930511
1.8639855938193E+04 -15.837327946909 0 0  3.9877132512629E-03 0.030517578125 0.49085938930511
1.8639886455771E+04 -16.328187336214 0 0  -1.130911288783E-03 0.030517578125 0.49085938930511
1.8639916973349E+04 -16.819046725519 0 0  -2.3034638725221E-03 0.030517578125 0.49085938930511
1.8639947490927E+04 -17.309906114824 0 0  -2.1839337423444E-03 0.030517578125 0.49085938930511
1.8639978008505E+04 -17.800765504129 0 0  -1.6625659773126E-03 0.030517578125 0.49085938930511
1.8640008526083E+04 -18.291624893434 0 0  6.1256755143404E-03 0.030517578125 0.49085938930511
1.8640039043661E+04 -18.782484282739 0 0  -4.7484603710473E-03 0.030517578125 0.49085938930511
1.864006956124E+04 -19.273343672045 0 0  -7.2831707075238E-03 0.030517578125 0.49085938930511
1.8640100078818E+04 -19.76420306135 0 0  -2.3238586436491E-04 0.030517578125 0.49085938930511
1.8640130596396E+04 -20.255062450655 0 0  -3.3695858437568E-03 0.030517578125 0.49085938930511
1.8640161113974E+04 -20.74592183996 0 0  1.3884708750993E-03 0.030517578125 0.49085938930511
1.8640191631552E+04 -21.236781229265 0 0  7.2488216683269E-03 0.030517578125 0.49085938930511
1.864022214913E+04 -21.72764061857 0 0  -1.913330052048E-03 0.030517578125 0.49085938930511
1.8640252666708E+04 -22.218500007875 0 0  -1.0297783883289E-03 0.030517578125 0.49085938930511
1.8640283184286E+04 -22.70935939718 0 0  -2.9934882186353E-03 0.030517578125 0.49085938930511
1.8640313701865E+04 -23.200218786485 0 0  -2.2588644642383E-03 0.030517578125 0.49085938930511
1.8640344219443E+04 -23.691078175791 0 0  7.4496138840914E-03 0.030517578125 0.49085938930511
1.8640374737021E+04 -24.181937565096 0 0  1.9532420265023E-04 0.030517578125 0.49085938930511
1.8640405254599E+04 -24.672796954401 0 0  2.8976246248931E-03 0.030517578125 0.49085938930511
1.8640435772177E+04 -25.163656343706 0 0  0.010037887841463 0.030517578125 0.49085938930511
1.8640466289755E+04 -25.654515733011 0 0  -6.4651193097234E-03 0.030517578125 0.49085938930511
1.8640496807333E+04 -26.145375122316 0 0  1.5313348267227E-03 0.030517578125 0.49085938930511
1.8640527324911E+04 -26.636234511621 0 0  -1.4207822096068E-04 0.030517578125 0.49085938930511
1.864055784249E+04 -27.127093900926 0 0  8.8214026764035E-03 0.030517578125 0.49085938930511
1.8640588360068E+04 -27.617953290232 0 0  3.6486275494099E-03 0.030517578125 0.49085938930511
1.8640618877646E+04 -28.108812679537 0 0  4.6147255488904E-05 0.030517578125 0.49085938930511
1.8640649395224E+04 -28.599672068842 0 0  -2.9572548810393E-03 0.030517578125 0.49085938930511
1.8640679912802E+04 -29.090531458147 0 0  4.6922554611228E-04 0.030517578125 0.49085938930511
1.864071043038E+04 -29.581390847452 0 0  5.0226016901433E-03 0.030517578125 0.49085938930511
1.8640740947958E+04 -30.072250236757 0 0  9.5116551965475E-03 0.030517578125 0.49085938930511
1.8640771465536E+04 -30.563109626062 0 0  0.011648494750261 0.030517578125 0.49085938930511
1.8640801983115E+04 -31.053969015367 0 0  6.0092103667557E-03 0.030517578125 0.49085938930511
1.8640832500693E+04 -31.544828404672 0 0  3.3838138915598E-03 0.030517578125 0.49085938930511
1.8640863018271E+04 -32.035687793978 0 0  2.1455446258187E-03 0.030517578125 0.49085938930511
1.8640893535849E+04 -32.526547183283 0 0  -9.6923029050231E-03 0.030517578125 0.49085938930511
1.8640924053427E+04 -33.017406572588 0 0  -1.8648608820513E-03 0.030517578125 0.49085938930511
1.8640954571005E+04 -33.508265961893 0 0  -3.7345178425312E-03 0.030517578125 0.49085938930511
1.8640985088583E+04 -33.999125351198 0 0  -3.2429918646812E-03 0.030517578125 0.49085938930511
1.8641015606161E+04 -34.489984740503 0 0  2.6608323678374E-03 0.030517578125 0.49085938930511
1.864104612374E+04 -34.980844129808 0 0  -7.2101005353034E-03 0.030517578125 0.49085938930511
1.8641076641318E+04 -35.471703519113 0 0  -3.4845366608351E-03 0.030517578125 0.49085938930511
1.8641107158896E+04 -35.962562908418 0 0  -2.3780714254826E-03 0.030517578125 0.49085938930511
2.1298419808165E+04 44.092363591306 0 0  -1.6379631415475E-04 0.030517578125 0.42950224876404
2.1298450325743E+04 43.662861342542 0 0  3.0015618540347E-03 0.030517578125 0.42950224876404
2.1298480843321E+04 43.233359093778 0 0  -4.4707311317325E-03 0.030517578125 0.42950224876404
2.1298511360899E+04 42.803856845014 0 0  2.9966255533509E-04 0.030517578125 0.42950224876404
2.1298541878477E+04 42.37435459625 0 0  3.7036335561424E-04 0.030517578125 0.42950224876404
2.1298572396056E+04 41.944852347486 0 0  -4.7973273321986E-03 0.030517578125 0.42950224876404
2.1298602913634E+04 41.515350098722 0 0  -5.7724555954337E-03 0.030517578125 0.42950224876404
2.1298633431212E+04 41.085847849958 0 0  -1.0953906894429E-04 0.030517578125 0.42950224876404
2.129866394879E+04 40.656345601194 0 0  -4.6397880651057E-03 0.030517578125 0.42950224876404
2.1298694466368E+04 40.22684335243 0 0  1.2460503785405E-04 0.030517578125 0.42950224876404
2.1298724983946E+04 39.797341103666 0 0  5.126116797328E-03 0.030517578125 0.42950224876404
2.1298755501524E+04 39.367838854901 0 0  1.9058844773099E-03 0.030517578125 0.42950224876404
2.1298786019102E+04 38.938336606137 0 0  1.2934241676703E-03 0.030517578125 0.42950224876404
2.1298816536681E+04 38.508834357373 0 0  4.0421369485557E-03 0.030517578125 0.42950224876404
2.1298847054259E+04 38.079332108609 0 0  -3.7297992093954E-05 0.030517578125 0.42950224876404
2.1298877571837E+04 37.649829859845 0 0  -4.2882091365755E-03 0.030517578125 0.42950224876404
2.1298908089415E+04 37.220327611081 0 0  -2.5885358918458E-03 0.030517578125 0.42950224876404
2.1298938606993E+04 36.790825362317 0 0  7.6404272112995E-04 0.030517578125 0.42950224876404
2.1298969124571E+04 36.361323113553 0 0  -3.5659826826304E-03 0.030517578125 0.42950224876404
2.1298999642149E+04 35.931820864789 0 0  -3.4228414297104E-03 0.030517578125 0.42950224876404
2.1299030159727E+04 35.502318616025 0 0  -2.459489973262E-03 0.030517578125 0.42950224876404
2.1299060677306E+04 35.072816367261 0 0  2.0482160616666E-03 0.030517578125 0.42950224876404
2.1299091194884E+04 34.643314118497 0 0  2.5003377813846E-03 0.030517578125 0.42950224876404
2.1299121712462E+04 34.213811869733 0 0  -7.3757936479524E-04 0.030517578125 0.42950224876404
2.129915223004E+04 33.784309620969 0 0  7.8039348591119E-04 0.030517578125 0.42950224876404
2.1299182747618E+04 33.354807372205 0 0  8.2845723954961E-04 0.030517578125 0.42950224876404
2.1299213265196E+04 32.925305123441 0 0  -4.1950903832912E-03 0.030517578125 0.42950224876404
2.1299243782774E+04 32.495802874677 0 0  -5.034698988311E-04 0.030517578125 0.42950224876404
2.1299274300352E+04 32.066300625913 0 0  5.6750276125968E-03 0.030517578125 0.42950224876404
2.1299304817931E+04 31.636798377149 0 0  -4.1000391356647E-03 0.030517578125 0.42950224876404
2.1299335335509E+04 31.207296128385 0 0  1.7826651455835E-03 0.030517578125 0.42950224876404
2.1299365853087E+04 30.777793879621 0 0  4.4591459445655E-03 0.030517578125 0.42950224876404
2.1299396370665E+04 30.348291630857 0 0  6.1452565714717E-03 0.030517578125 0.42950224876404
2.1299426888243E+04 29.918789382093 0 0  8.8896099478006E-03 0.030517578125 0.42950224876404
2.1299457405821E+04 29.489287133329 0 0  2.1426186431199E-03 0.030517578125 0.42950224876404
2.1299487923399E+04 29.059784884565 0 0  6.3545694574714E-03 0.030517578125 0.42950224876404
2.1299518440977E+04 28.630282635801 0 0  -1.6600199742243E-03 0.030517578125 0.42950224876404
2.1299548958556E+04 28.200780387037 0 0  -5.4646953940392E-03 0.030517578125 0.42950224876404
2.1299579476134E+04 27.771278138272 0 0  1.8364457646385E-03 0.030517578125 0.42950224876404
2.1299609993712E+04 27.341775889508 0 0  1.8593048444018E-03 0.030517578125 0.42950224876404
2.129964051129E+04 26.912273640744 0 0  0.010837251320481 0.030517578125 0.42950224876404
2.1299671028868E+04 26.48277139198 0 0  3.3868825994432E-03 0.030517578125 0.42950224876404
2.1299701546446E+04 26.053269143216 0 0  -2.0971177145839E-03 0.030517578125 0.42950224876404
2.1299732064024E+04 25.623766894452 0 0  2.3766371887177E-03 0.030517578125 0.42950224876404
2.1299762581602E+04 25.194264645688 0 0  7.9125436022878E-03 0.030517578125 0.42950224876404
2.1299793099181E+04 24.764762396924 0 0  3.1888128723949E-03 0.030517578125 0.42950224876404
2.1299823616759E+04 24.33526014816 0 0  -1.0084960376844E-03 0.030517578125 0.42950224876404
2.1299854134337E+04 23.905757899396 0 0  -3.1968271359801E-03 0.030517578125 0.42950224876404
2.1299884651915E+04 23.476255650632 0 0  -5.1019703969359E-03 0.030517578125 0.42950224876404
2.1299915169493E+04 23.046753401868 0 0  -1.6308235935867E-03 0.030517578125 0.42950224876404
2.1299945687071E+04 22.617251153104 0 0  3.985176444985E-04 0.030517578125 0.42950224876404
2.1299976204649E+04 22.18774890434 0 0  -2.9026181437075E-03 0.030517578125 0.42950224876404
2.1300006722227E+04 21.758246655576 0 0  2.7794917114079E-03 0.030517578125 0.42950224876404
2.1300037239806E+04 21.328744406812 0 0  5.8446289040148E-04 0.030517578125 0.42950224876404
2.1300067757384E+04 20.899242158048 0 0  -2.1671927534044E-03 0.030517578125 0.42950224876404
2.1300098274962E+04 20.469739909284 0 0  -5.5604982189834E-03 0.030517578125 0.42950224876404
2.130012879254E+04 20.04023766052 0 0  1.2745456770062E-03 0.030517578125 0.42950224876404
2.1300159310118E+04 19.610735411756 0 0  2.8453141567297E-04 0.030517578125 0.42950224876404
2.1300189827696E+04 19.181233162992 0 0  -0.010759734548628 0.030517578125 0.42950224876404
2.1300220345274E+04 18.751730914228 0 0  -3.7374717649072E-03 0.030517578125 0.42950224876404
2.1300250862852E+04 18.322228665464 0 0  -2.174031251343E-04 0.030517578125 0.42950224876404
2.1300281380431E+04 17.8927264167 0 0  -5.973098333925E-03 0.030517578125 0.42950224876404
2.1300311898009E+04 17.463224167936 0 0  -3.15015995875E-03 0.030517578125 0.42950224876404
2.1300342415587E+04 17.033721919172 0 0  4.6794689260423E-03 0.030517578125 0.42950224876404
2.1300372933165E+04 16.604219670407 0 0  -2.1594136487693E-03 0.030517578125 0.42950224876404
2.1300403450743E+04 16.174717421643 0 0  -0.01117346342653 0.030517578125 0.42950224876404
2.1300433968321E+04 15.745215172879 0 0  -6.2108719721437E-03 0.030517578125 0.42950224876404
2.1300464485899E+04 15.315712924115 0 0  1.1686532525346E-03 0.030517578125 0.42950224876404
2.1300495003477E+04 14.886210675351 0 0  -3.7452180404216E-03 0.030517578125 0.42950224876404
2.1300525521056E+04 14.456708426587 0 0  -2.089319517836E-03 0.030517578125 0.42950224876404
2.1300556038634E+04 14.027206177823 0 0  9.6959254005924E-04 0.030517578125 0.42950224876404
2.1300586556212E+04 13.597703929059 0 0  5.766047979705E-04 0.030517578125 0.42950224876404
2.130061707379E+04 13.168201680295 0 0  1.0441477643326E-03 0.030517578125 0.42950224876404
2.1300647591368E+04 12.738699431531 0 0  1.5298806829378E-03 0.030517578125 0.42950224876404
2.1300678108946E+04 12.309197182767 0 0  5.0625973381102E-03 0.030517578125 0.42950224876404
2.1300708626524E+04 11.879694934003 0 0  2.5066756643355E-03 0.030517578125 0.42950224876404
2.1300739144102E+04 11.450192685239 0 0  8.8622281327844E-04 0.030517578125 0.42950224876404
2.1300769661681E+04 11.020690436475 0 0  9.4983546296135E-04 0.030517578125 0.42950224876404
2.1300800179259E+04 10.591188187711 0 0  2.8672702610493E-03 0.030517578125 0.42950224876404
2.1300830696837E+04 10.161685938947 0 0  -7.0636731106788E-04 0.030517578125 0.42950224876404
2.1300861214415E+04 9.7321836901829 0 0  -2.024486893788E-03 0.030517578125 0.42950224876404
2.1300891731993E+04 9.3026814414188 0 0  1.7405423568562E-03 0.030517578125 0.42950224876404
2.1300922249571E+04 8.8731791926548 0 0  -3.1673035118729E-04 0.030517578125 0.42950224876404
2.1300952767149E+04 8.4436769438908 0 0  -1.680291024968E-03 0.030517578125 0.42950224876404
2.1300983284727E+04 8.0141746951267 0 0  -4.3036467395723E-03 0.030517578125 0.42950224876404
2.1301013802306E+04 7.5846724463627 0 0  -1.7697453731671E-03 0.030517578125 0.42950224876404
2.1301044319884E+04 7.1551701975986 0 0  -5.4543867008761E-04 0.030517578125 0.42950224876404
2.1301074837462E+04 6.7256679488346 0 0  -3.2299165613949E-03 0.030517578125 0.42950224876404
2.130110535504E+04 6.2961657000706 0 0  -2.8158654458821E-03 0.030517578125 0.42950224876404
2.1301135872618E+04 5.8666634513065 0 0  -2.0957766100764E-03 0.030517578125 0.42950224876404
2.1301166390196E+04 5.4371612025425 0 0  -1.9300676649436E-03 0.030517578125 0.42950224876404
2.1301196907774E+04 5.0076589537784 0 0  5.9613827615976E-03 0.030517578125 0.42950224876404
2.1301227425352E+04 4.5781567050144 0 0  0.051318660378456 0.030517578125 0.42950224876404
2.1301257942931E+04 4.1486544562504 0 0  0.11971399188042 0.030517578125 0.42950224876404
2.1301288460509E+04 3.7191522074863 0 0  0.070276588201523 0.030517578125 0.42950224876404
2.1301318978087E+04 3.2896499587223 0 0  9.7561292350292E-03 0.030517578125 0.42950224876404
2.1301349495665E+04 2.8601477099583 0 0  7.9741552472115E-03 0.030517578125 0.42950224876404
2.1301380013243E+04 2.4306454611942 0 0  -2.0679165609181E-03 0.030517578125 0.42950224876404
2.1301410530821E+04 2.0011432124302 0 0  -7.3478636331856E-03 0.030517578125 0.42950224876404
2.1301441048399E+04 1.5716409636661 0 0  2.7735875919461E-03 0.030517578125 0.42950224876404
2.1301471565977E+04 1.1421387149021 0 0  -2.1299943327904E-03 0.030517578125 0.42950224876404
2.1301502083556E+04 0.71263646613806 0 0  -1.3713293010369E-03 0.030517578125 0.42950224876404
2.1301532601134E+04 0.28313421737403 0 0  1.2455975593184E-05 0.030517578125 0.42950224876404
2.1301563118712E+04 -0.14636803139001 0 0  3.6423511337489E-03 0.030517578125 0.42950224876404
2.130159363629E+04 -0.57587028015405 0 0  -3.567110048607E-03 0.030517578125 0.42950224876404
2.1301624153868E+04 -1.0053725289181 0 0  5.6140130618587E-04 0.030517578125 0.42950224876404
2.1301654671446E+04 -1.4348747776821 0 0  6.8230000324547E-03 0.030517578125 0.42950224876404
2.1301685189024E+04 -1.8643770264462 0 0  5.7247667573392E-03 0.030517578125 0.42950224876404
2.1301715706602E+04 -2.2938792752102 0 0  4.306617192924E-03 0.030517578125 0.42950224876404
2.1301746224181E+04 -2.7233815239742 0 0  3.9976392872632E-03 0.030517578125 0.42950224876404
2.1301776741759E+04 -3.1528837727383 0 0  7.7170780859888E-03 0.030517578125 0.42950224876404
2.1301807259337E+04 -3.5823860215023 0 0  3.1232759356499E-03 0.030517578125 0.42950224876404
2.1301837776915E+04 -4.0118882702664 0 0  1.6028805403039E-03 0.030517578125 0.42950224876404
2.1301868294493E+04 -4.4413905190304 0 0  -2.3084480781108E-03 0.030517578125 0.42950224876404
2.1301898812071E+04 -4.8708927677944 0 0  -2.5023152120411E-03 0.030517578125 0.42950224876404
2.1301929329649E+04 -5.3003950165585 0 0  -1.8775066128001E-03 0.030517578125 0.42950224876404
2.1301959847227E+04 -5.7298972653225 0 0  -1.3149013975635E-03 0.030517578125 0.42950224876404
2.1301990364806E+04 -6.1593995140865 0 0  -6.8278750404716E-04 0.030517578125 0.42950224876404
2.1302020882384E+04 -6.5889017628506 0 0  1.4254119014367E-04 0.030517578125 0.42950224876404
2.1302051399962E+04 -7.0184040116146 0 0  2.1933675743639E-03 0.030517578125 0.42950224876404
2.130208191754E+04 -7.4479062603787 0 0  4.4272732338868E-04 0.030517578125 0.42950224876404
2.1302112435118E+04 -7.8774085091427 0 0  -2.9539898969233E-03 0.030517578125 0.42950224876404
2.1302142952696E+04 -8.3069107579067 0 0  -4.1039437055588E-03 0.030517578125 0.42950224876404
2.1302173470274E+04 -8.7364130066708 0 0  -1.2231994187459E-03 0.030517578125 0.42950224876404
2.1302203987852E+04 -9.1659152554348 0 0  4.2417942313477E-04 0.030517578125 0.42950224876404
2.1302234505431E+04 -9.5954175041988 0 0  2.2657746449113E-03 0.030517578125 0.42950224876404
2.1302265023009E+04 -10.024919752963 0 0  4.0959678590298E-03 0.030517578125 0.42950224876404
2.1302295540587E+04 -10.454422001727 0 0  1.078121829778E-03 0.030517578125 0.42950224876404
2.1302326058165E+04 -10.883924250491 0 0  2.2432908881456E-03 0.030517578125 0.42950224876404
2.1302356575743E+04 -11.313426499255 0 0  -6.5289024496451E-04 0.030517578125 0.42950224876404
2.1302387093321E+04 -11.742928748019 0 0  -6.7160334438086E-03 0.030517578125 0.42950224876404
2.1302417610899E+04 -12.172430996783 0 0  -2.5041201151907E-03 0.030517578125 0.42950224876404
2.1302448128477E+04 -12.601933245547 0 0  -1.1564722517505E-03 0.030517578125 0.42950224876404
2.1302478646056E+04 -13.031435494311 0 0  4.9862288869917E-03 0.030517578125 0.42950224876404
2.1302509163634E+04 -13.460937743075 0 0  -1.3406929792836E-03 0.030517578125 0.42950224876404
2.1302539681212E+04 -13.890439991839 0 0  -1.6666639130563E-03 0.030517578125 0.42950224876404
2.130257019879E+04 -14.319942240603 0 0  1.403869711794E-03 0.030517578125 0.42950224876404
2.1302600716368E+04 -14.749444489367 0 0  7.585056591779E-04 0.030517578125 0.42950224876404
2.1302631233946E+04 -15.178946738131 0 0  7.0797228254378E-03 0.030517578125 0.42950224876404
2.1302661751524E+04 -15.608448986895 0 0  2.2232953924686E-03 0.030517578125 0.42950224876404
2.1302692269102E+04 -16.037951235659 0 0  -9.1939041158184E-04 0.030517578125 0.42950224876404
2.1302722786681E+04 -16.467453484423 0 0  1.0986070847139E-03 0.030517578125 0.42950224876404
2.1302753304259E+04 -16.896955733187 0 0  -2.4892222136259E-03 0.030517578125 0.42950224876404
2.1302783821837E+04 -17.326457981952 0 0  2.2667061421089E-04 0.030517578125 0.42950224876404
2.1302814339415E+04 -17.755960230716 0 0  2.6275365962647E-04 0.030517578125 0.42950224876404
2.1302844856993E+04 -18.18546247948 0 0  -1.2414585798979E-03 0.030517578125 0.42950224876404
2.1302875374571E+04 -18.614964728244 0 0  4.5039658434689E-03 0.030517578125 0.42950224876404
2.1302905892149E+04 -19.044466977008 0 0  -7.7601586235687E-04 0.030517578125 0.42950224876404
2.1302936409727E+04 -19.473969225772 0 0  -5.5343713611364E-03 0.030517578125 0.42950224876404
2.1302966927306E+04 -19.903471474536 0 0  -8.7668193737045E-04 0.030517578125 0.42950224876404
2.1302997444884E+04 -20.3329737233 0 0  -2.6918158400804E-03 0.030517578125 0.42950224876404
2.1303027962462E+04 -20.762475972064 0 0  -4.3731476180255E-03 0.030517578125 0.42950224876404
2.130305848004E+04 -21.191978220828 0 0  -1.2320936657488E-03 0.030517578125 0.42950224876404
2.1303088997618E+04 -21.621480469592 0 0  7.5964833376929E-04 0.030517578125 0.42950224876404
2.1303119515196E+04 -22.050982718356 0 0  2.2753565572202E-03 0.030517578125 0.42950224876404
2.1303150032774E+04 -22.48048496712 0 0  -4.1156481020153E-03 0.030517578125 0.42950224876404
2.1303180550352E+04 -22.909987215884 0 0  9.4575947150588E-04 0.030517578125 0.42950224876404
2.1303211067931E+04 -23.339489464648 0 0  1.9481296476442E-04 0.030517578125 0.42950224876404
2.1303241585509E+04 -23.768991713412 0 0  6.7360885441303E-03 0.030517578125 0.42950224876404
2.1303272103087E+04 -24.198493962176 0 0  4.9474593251944E-03 0.030517578125 0.42950224876404
2.1303302620665E+04 -24.62799621094 0 0  4.9575883895159E-03 0.030517578125 0.42950224876404
2.1303333138243E+04 -25.057498459704 0 0  4.1688419878483E-03 0.030517578125 0.42950224876404
2.1303363655821E+04 -25.487000708468 0 0  -7.7404794283211E-03 0.030517578125 0.42950224876404
2.1303394173399E+04 -25.916502957232 0 0  -2.6385018136352E-03 0.030517578125 0.42950224876404
2.1303424690977E+04 -26.346005205996 0 0  -5.541704595089E-03 0.030517578125 0.42950224876404
2.1303455208556E+04 -26.77550745476 0 0  2.7448171749711E-03 0.030517578125 0.42950224876404
2.1303485726134E+04 -27.205009703524 0 0  1.7873387550935E-03 0.030517578125 0.42950224876404
2.1303516243712E+04 -27.634511952288 0 0  3.8679286371917E-03 0.030517578125 0.42950224876404
2.130354676129E+04 -28.064014201052 0 0  -3.4906496293843E-03 0.030517578125 0.42950224876404
2.1303577278868E+04 -28.493516449817 0 0  -4.0110689587891E-03 0.030517578125 0.42950224876404
2.1303607796446E+04 -28.923018698581 0 0  9.6668627520557E-05 0.030517578125 0.42950224876404
2.1303638314024E+04 -29.352520947345 0 0  -4.0456643910147E-04 0.030517578125 0.42950224876404
2.1303668831602E+04 -29.782023196109 0 0  -1.679464825429E-03 0.030517578125 0.42950224876404
2.1303699349181E+04 -30.211525444873 0 0  1.6010183608159E-03 0.030517578125 0.42950224876404
2.1303729866759E+04 -30.641027693637 0 0  -6.4733898034319E-04 0.030517578125 0.42950224876404
2.1303760384337E+04 -31.070529942401 0 0  -1.4001679664943E-04 0.030517578125 0.42950224876404
2.1303790901915E+04 -31.500032191165 0 0  4.2718322947621E-03 0.030517578125 0.42950224876404
2.1303821419493E+04 -31.929534439929 0 0  3.7740303669125E-03 0.030517578125 0.42950224876404
2.1303851937071E+04 -32.359036688693 0 0  -2.827878575772E-03 0.030517578125 0.42950224876404
2.1303882454649E+04 -32.788538937457 0 0  1.3802399626002E-03 0.030517578125 0.42950224876404
2.1303912972227E+04 -33.218041186221 0 0  1.3271591160446E-03 0.030517578125 0.42950224876404
2.1303943489806E+04 -33.647543434985 0 0  3.8553210906684E-03 0.030517578125 0.42950224876404
2.1303974007384E+04 -34.077045683749 0 0  -1.8366911681369E-03 0.030517578125 0.42950224876404
2.1304004524962E+04 -34.506547932513 0 0  -9.8601970821619E-03 0.030517578125 0.42950224876404
2.130403504254E+04 -34.936050181277 0 0  -1.9764979369938E-03 0.030517578125 0.42950224876404
2.1304065560118E+04 -35.365552430041 0 0  4.4358280138113E-04 0.030517578125 0.42950224876404
2.1304096077696E+04 -35.795054678805 0 0  -2.2827668581158E-03 0.030517578125 0.42950224876404
2.3960706189258E+04 44.063871420862 0 0  5.9704803861678E-03 0.030517576262355 0.38178005814552
2.3960736706835E+04 43.682091362716 0 0  -9.2137808678672E-04 0.030517576262355 0.38178005814552
2.3960767224411E+04 43.300311304571 0 0  3.1203355174512E-03 0.030517576262355 0.38178005814552
2.3960797741987E+04 42.918531246425 0 0  8.0164748942479E-04 0.030517576262355 0.38178005814552
2.3960828259563E+04 42.53675118828 0 0  1.4049447781872E-04 0.030517576262355 0.38178005814552
2.396085877714E+04 42.154971130134 0 0  -2.2001492325217E-03 0.030517576262355 0.38178005814552
2.3960889294716E+04 41.773191071989 0 0  8.2639322499745E-05 0.030517576262355 0.38178005814552
2.3960919812292E+04 41.391411013843 0 0  5.4553961381316E-03 0.030517576262355 0.38178005814552
2.3960950329868E+04 41.009630955698 0 0  -2.3149554617703E-03 0.030517576262355 0.38178005814552
2.3960980847445E+04 40.627850897552 0 0  4.144667647779E-03 0.030517576262355 0.38178005814552
2.3961011365021E+04 40.246070839406 0 0  5.537417717278E-03 0.030517576262355 0.38178005814552
2.3961041882597E+04 39.864290781261 0 0  -3.5097915679216E-03 0.030517576262355 0.38178005814552
2.3961072400173E+04 39.482510723115 0 0  4.0714964270592E-03 0.030517576262355 0.38178005814552
2.396110291775E+04 39.10073066497 0 0  -1.3267692411318E-03 0.030517576262355 0.38178005814552
2.3961133435326E+04 38.718950606824 0 0  4.6185161918402E-03 0.030517576262355 0.38178005814552
2.3961163952902E+04 38.337170548679 0 0  2.2440780885518E-03 0.030517576262355 0.38178005814552
2.3961194470478E+04 37.955390490533 0 0  1.1869926238433E-03 0.030517576262355 0.38178005814552
2.3961224988055E+04 37.573610432388 0 0  -3.1121291685849E-03 0.030517576262355 0.38178005814552
2.3961255505631E+04 37.191830374242 0 0  -3.3949830103666E-03 0.030517576262355 0.38178005814552
2.3961286023207E+04 36.810050316097 0 0  1.9389706430957E-03 0.030517576262355 0.38178005814552
2.3961316540783E+04 36.428270257951 0 0  1.3125579571351E-03 0.030517576262355 0.38178005814552
2.396134705836E+04 36.046490199806 0 0  4.4806796358898E-04 0.030517576262355 0.38178005814552
2.3961377575936E+04 35.66471014166 0 0  -9.1554131358862E-03 0.030517576262355 0.38178005814552
2.3961408093512E+04 35.282930083515 0 0  -2.4950515944511E-04 0.030517576262355 0.38178005814552
2.3961438611089E+04 34.901150025369 0 0  6.3126469030976E-03 0.030517576262355 0.38178005814552
2.3961469128665E+04 34.519369967224 0 0  1.8796579679474E-03 0.030517576262355 0.38178005814552
2.3961499646241E+04 34.137589909078 0 0  3.6504724994302E-03 0.030517576262355 0.38178005814552
2.3961530163817E+04 33.755809850933 0 0  -4.8770010471344E-03 0.030517576262355 0.38178005814552
2.3961560681394E+04 33.374029792787 0 0  7.1053374558687E-03 0.030517576262355 0.38178005814552
2.396159119897E+04 32.992249734642 0 0  -1.9080237252638E-03 0.030517576262355 0.38178005814552
2.3961621716546E+04 32.610469676496 0 0  -2.2266837768257E-03 0.030517576262355 0.38178005814552
2.3961652234122E+04 32.22868961835 0 0  -4.5944335870445E-03 0.030517576262355 0.38178005814552
2.3961682751699E+04 31.846909560205 0 0  -2.6418494526297E-03 0.030517576262355 0.38178005814552
2.3961713269275E+04 31.465129502059 0 0  2.7536414563656E-03 0.030517576262355 0.38178005814552
2.3961743786851E+04 31.083349443914 0 0  -8.0630928277969E-03 0.030517576262355 0.38178005814552
2.3961774304427E+04 30.701569385768 0 0  2.741975011304E-03 0.030517576262355 0.38178005814552
2.3961804822004E+04 30.319789327623 0 0  -5.7522817514837E-03 0.030517576262355 0.38178005814552
2.396183533958E+04 29.938009269477 0 0  -4.7786934301257E-03 0.030517576262355 0.38178005814552
2.3961865857156E+04 29.556229211332 0 0  -1.0833512351383E-04 0.030517576262355 0.38178005814552
2.3961896374732E+04 29.174449153186 0 0  -1.1802612571046E-03 0.030517576262355 0.38178005814552
2.3961926892309E+04 28.792669095041 0 0  1.4389002462849E-03 0.030517576262355 0.38178005814552
2.3961957409885E+04 28.410889036895 0 0  5.8331126347184E-03 0.030517576262355 0.38178005814552
2.3961987927461E+04 28.02910897875 0 0  8.0668153241277E-03 0.030517576262355 0.38178005814552
2.3962018445038E+04 27.647328920604 0 0  2.4404940195382E-03 0.030517576262355 0.38178005814552
2.3962048962614E+04 27.265548862459 0 0  1.9372858805582E-03 0.030517576262355 0.38178005814552
2.396207948019E+04 26.883768804313 0 0  2.8588189743459E-03 0.030517576262355 0.38178005814552
2.3962109997766E+04 26.501988746168 0 0  6.4014089293778E-03 0.030517576262355 0.38178005814552
2.3962140515343E+04 26.120208688022 0 0  -4.2700045742095E-03 0.030517576262355 0.38178005814552
2.3962171032919E+04 25.738428629877 0 0  -1.3035830343142E-03 0.030517576262355 0.38178005814552
2.3962201550495E+04 25.356648571731 0 0  -5.0217675743625E-04 0.030517576262355 0.38178005814552
2.3962232068071E+04 24.974868513586 0 0  -6.0499496757984E-03 0.030517576262355 0.38178005814552
2.3962262585648E+04 24.59308845544 0 0  1.8677645130083E-03 0.030517576262355 0.38178005814552
2.3962293103224E+04 24.211308397294 0 0  3.9997894782573E-04 0.030517576262355 0.38178005814552
2.39623236208E+04 23.829528339149 0 0  -1.4088711468503E-03 0.030517576262355 0.38178005814552
2.3962354138376E+04 23.447748281003 0 0  -0.012664159759879 0.030517576262355 0.38178005814552
2.3962384655953E+04 23.065968222858 0 0  -2.6882061501965E-04 0.030517576262355 0.38178005814552
2.3962415173529E+04 22.684188164712 0 0  -1.8956587882712E-03 0.030517576262355 0.38178005814552
2.3962445691105E+04 22.302408106567 0 0  -2.6845054235309E-03 0.030517576262355 0.38178005814552
2.3962476208681E+04 21.920628048421 0 0  -5.9998878277838E-03 0.030517576262355 0.38178005814552
2.3962506726258E+04 21.538847990276 0 0  -8.0168256536126E-03 0.030517576262355 0.38178005814552
2.3962537243834E+04 21.15706793213 0 0  -1.1325831292197E-03 0.030517576262355 0.38178005814552
2.396256776141E+04 20.775287873985 0 0  7.5128022581339E-04 0.030517576262355 0.38178005814552
2.3962598278987E+04 20.393507815839 0 0  -3.0881641432643E-03 0.030517576262355 0.38178005814552
2.3962628796563E+04 20.011727757694 0 0  3.684597555548E-03 0.030517576262355 0.38178005814552
2.3962659314139E+04 19.629947699548 0 0  -1.1408039426897E-04 0.030517576262355 0.38178005814552
2.3962689831715E+04 19.248167641403 0 0  1.8766920547932E-03 0.030517576262355 0.38178005814552
2.3962720349292E+04 18.866387583257 0 0  -1.7107470193878E-03 0.030517576262355 0.38178005814552
2.3962750866868E+04 18.484607525112 0 0  -3.2698425929993E-03 0.030517576262355 0.38178005814552
2.3962781384444E+04 18.102827466966 0 0  -4.4828909449279E-03 0.030517576262355 0.38178005814552
2.396281190202E+04 17.721047408821 0 0  -5.1706535741687E-03 0.030517576262355 0.38178005814552
2.3962842419597E+04 17.339267350675 0 0  -1.0142632527277E-03 0.030517576262355 0.38178005814552
2.3962872937173E+04 16.95748729253 0 0  4.3008951470256E-03 0.030517576262355 0.38178005814552
2.3962903454749E+04 16.575707234384 0 0  3.026946214959E-03 0.030517576262355 0.38178005814552
2.3962933972325E+04 16.193927176239 0 0  -8.1663439050317E-04 0.030517576262355 0.38178005814552
2.3962964489902E+04 15.812147118093 0 0  9.591861627996E-03 0.030517576262355 0.38178005814552
2.3962995007478E+04 15.430367059947 0 0  2.451998880133E-03 0.030517576262355 0.38178005814552
2.3963025525054E+04 15.048587001802 0 0  -1.722980174236E-03 0.030517576262355 0.38178005814552
2.396305604263E+04 14.666806943656 0 0  -0.010680241510272 0.030517576262355 0.38178005814552
2.3963086560207E+04 14.285026885511 0 0  -2.0242580212653E-03 0.030517576262355 0.38178005814552
2.3963117077783E+04 13.903246827365 0 0  2.4085426703095E-03 0.030517576262355 0.38178005814552
2.3963147595359E+04 13.52146676922 0 0  -7.7947764657438E-03 0.030517576262355 0.38178005814552
2.3963178112935E+04 13.139686711074 0 0  8.601649897173E-04 0.030517576262355 0.38178005814552
2.3963208630512E+04 12.757906652929 0 0  1.4914469793439E-03 0.030517576262355 0.38178005814552
2.3963239148088E+04 12.376126594783 0 0  -1.3221027329564E-03 0.030517576262355 0.38178005814552
2.3963269665664E+04 11.994346536638 0 0  3.2161783892661E-03 0.030517576262355 0.38178005814552
2.3963300183241E+04 11.612566478492 0 0  7.6515199616551E-03 0.030517576262355 0.38178005814552
2.3963330700817E+04 11.230786420347 0 0  4.1913939639926E-03 0.030517576262355 0.38178005814552
2.3963361218393E+04 10.849006362201 0 0  1.2900606961921E-03 0.030517576262355 0.38178005814552
2.3963391735969E+04 10.467226304056 0 0  6.5003484487534E-03 0.030517576262355 0.38178005814552
2.3963422253546E+04 10.08544624591 0 0  3.5640008281916E-03 0.030517576262355 0.38178005814552
2.3963452771122E+04 9.7036661877646 0 0  3.9205127395689E-03 0.030517576262355 0.38178005814552
2.3963483288698E+04 9.3218861296191 0 0  -8.1204604357481E-03 0.030517576262355 0.38178005814552
2.3963513806274E+04 8.9401060714736 0 0  -3.8858377374709E-03 0.030517576262355 0.38178005814552
2.3963544323851E+04 8.558326013328 0 0  2.5753788650036E-03 0.030517576262355 0.38178005814552
2.3963574841427E+04 8.1765459551825 0 0  4.9853301607072E-03 0.030517576262355 0.38178005814552
2.3963605359003E+04 7.794765897037 0 0  3.2977738883346E-03 0.030517576262355 0.38178005814552
2.3963635876579E+04 7.4129858388915 0 0  -1.7952114576474E-03 0.030517576262355 0.38178005814552
2.3963666394156E+04 7.0312057807459 0 0  -4.6042576432228E-03 0.030517576262355 0.38178005814552
2.3963696911732E+04 6.6494257226004 0 0  -4.512423183769E-04 0.030517576262355 0.38178005814552
2.3963727429308E+04 6.2676456644549 0 0  -2.3145489394665E-03 0.030517576262355 0.38178005814552
2.3963757946884E+04 5.8858656063094 0 0  -4.0951613336802E-03 0.030517576262355 0.38178005814552
2.3963788464461E+04 5.5040855481639 0 0  -6.3372106524184E-04 0.030517576262355 0.38178005814552
2.3963818982037E+04 5.1223054900183 0 0  5.01171592623E-03 0.030517576262355 0.38178005814552
2.3963849499613E+04 4.7405254318728 0 0  0.016830990090966 0.030517576262355 0.38178005814552
2.396388001719E+04 4.3587453737273 0 0  0.10579355061054 0.030517576262355 0.38178005814552
2.3963910534766E+04 3.9769653155818 0 0  0.14065580070019 0.030517576262355 0.38178005814552
2.3963941052342E+04 3.5951852574362 0 0  0.037966970354319 0.030517576262355 0.38178005814552
2.3963971569918E+04 3.2134051992907 0 0  4.7435879241675E-04 0.030517576262355 0.38178005814552
2.3964002087495E+04 2.8316251411452 0 0  4.5132893137634E-04 0.030517576262355 0.38178005814552
2.3964032605071E+04 2.4498450829997 0 0  -1.8832775531337E-03 0.030517576262355 0.38178005814552
2.3964063122647E+04 2.0680650248541 0 0  -4.6290550380945E-03 0.030517576262355 0.38178005814552
2.3964093640223E+04 1.6862849667086 0 0  -4.5851403847337E-03 0.030517576262355 0.38178005814552
2.39641241578E+04 1.3045049085631 0 0  -1.9584323745221E-03 0.030517576262355 0.38178005814552
2.3964154675376E+04 0.92272485041758 0 0  4.1760788299143E-03 0.030517576262355 0.38178005814552
2.3964185192952E+04 0.54094479227206 0 0  -2.2494967561215E-03 0.030517576262355 0.38178005814552
2.3964215710528E+04 0.15916473412653 0 0  6.3807312399149E-03 0.030517576262355 0.38178005814552
2.3964246228105E+04 -0.22261532401899 0 0  -4.8390682786703E-03 0.030517576262355 0.38178005814552
2.3964276745681E+04 -0.60439538216451 0 0  -9.3532173195854E-04 0.030517576262355 0.38178005814552
2.3964307263257E+04 -0.98617544031003 0 0  -2.1947142668068E-03 0.030517576262355 0.38178005814552
2.3964337780833E+04 -1.3679554984556 0 0  2.5558765628375E-04 0.030517576262355 0.38178005814552
2.396436829841E+04 -1.7497355566011 0 0  3.5669638309628E-03 0.030517576262355 0.38178005814552
2.3964398815986E+04 -2.1315156147466 0 0  -5.3481515496969E-03 0.030517576262355 0.38178005814552
2.3964429333562E+04 -2.5132956728921 0 0  -4.8593594692647E-03 0.030517576262355 0.38178005814552
2.3964459851139E+04 -2.8950757310377 0 0  -8.7012490257621E-03 0.030517576262355 0.38178005814552
2.3964490368715E+04 -3.2768557891832 0 0  -2.5251244660467E-03 0.030517576262355 0.38178005814552
2.3964520886291E+04 -3.6586358473287 0 0  -2.3484094999731E-03 0.030517576262355 0.38178005814552
2.3964551403867E+04 -4.0404159054742 0 0  -5.0909663550556E-03 0.030517576262355 0.38178005814552
2.3964581921444E+04 -4.4221959636197 0 0  -1.025328412652E-03 0.030517576262355 0.38178005814552
2.396461243902E+04 -4.8039760217653 0 0  -2.0863807294518E-03 0.030517576262355 0.38178005814552
2.3964642956596E+04 -5.1857560799108 0 0  -6.7049348726869E-03 0.030517576262355 0.38178005814552
2.3964673474172E+04 -5.5675361380563 0 0  1.6945702955127E-03 0.030517576262355 0.38178005814552
2.3964703991749E+04 -5.9493161962018 0 0  5.428305012174E-04 0.030517576262355 0.38178005814552
2.3964734509325E+04 -6.3310962543474 0 0  -1.7815419705585E-03 0.030517576262355 0.38178005814552
2.3964765026901E+04 -6.7128763124929 0 0  8.9634832693264E-04 0.030517576262355 0.38178005814552
2.3964795544477E+04 -7.0946563706384 0 0  -7.0074491668493E-04 0.030517576262355 0.38178005814552
2.3964826062054E+04 -7.4764364287839 0 0  3.1743897125125E-03 0.030517576262355 0.38178005814552
2.396485657963E+04 -7.8582164869295 0 0  6.2555037438869E-03 0.030517576262355 0.38178005814552
2.3964887097206E+04 -8.239996545075 0 0  3.2858555205166E-03 0.030517576262355 0.38178005814552
2.3964917614782E+04 -8.6217766032205 0 0  3.6823621485382E-03 0.030517576262355 0.38178005814552
2.3964948132359E+04 -9.003556661366 0 0  -3.3856583759189E-03 0.030517576262355 0.38178005814552
2.3964978649935E+04 -9.3853367195115 0 0  1.3539543142542E-03 0.030517576262355 0.38178005814552
2.3965009167511E+04 -9.7671167776571 0 0  6.1097545549273E-03 0.030517576262355 0.38178005814552
2.3965039685087E+04 -10.148896835803 0 0  9.9026437965222E-05 0.030517576262355 0.38178005814552
2.3965070202664E+04 -10.530676893948 0 0  -7.8336603473872E-04 0.030517576262355 0.38178005814552
2.396510072024E+04 -10.912456952094 0 0  -4.5275930315256E-03 0.030517576262355 0.38178005814552
2.3965131237816E+04 -11.294237010239 0 0  -1.5060751466081E-03 0.030517576262355 0.38178005814552
2.3965161755393E+04 -11.676017068385 0 0  -2.6540612452663E-04 0.030517576262355 0.38178005814552
2.3965192272969E+04 -12.05779712653 0 0  8.9411251246929E-04 0.030517576262355 0.38178005814552
2.3965222790545E+04 -12.439577184676 0 0  2.0308308303356E-03 0.030517576262355 0.38178005814552
2.3965253308121E+04 -12.821357242821 0 0  -7.8422045335174E-03 0.030517576262355 0.38178005814552
2.3965283825698E+04 -13.203137300967 0 0  -5.7754265144467E-03 0.030517576262355 0.38178005814552
2.3965314343274E+04 -13.584917359112 0 0  -4.8671877011657E-03 0.030517576262355 0.38178005814552
2.396534486085E+04 -13.966697417258 0 0  1.2504974438343E-04 0.030517576262355 0.38178005814552
2.3965375378426E+04 -14.348477475403 0 0  4.116379423067E-04 0.030517576262355 0.38178005814552
2.3965405896003E+04 -14.730257533549 0 0  3.5925721749663E-03 0.030517576262355 0.38178005814552
2.3965436413579E+04 -15.112037591694 0 0  3.173611825332E-03 0.030517576262355 0.38178005814552
2.3965466931155E+04 -15.49381764984 0 0  4.9194395542145E-03 0.030517576262355 0.38178005814552
2.3965497448731E+04 -15.875597707985 0 0  6.0717796441168E-04 0.030517576262355 0.38178005814552
2.3965527966308E+04 -16.257377766131 0 0  1.437122002244E-03 0.030517576262355 0.38178005814552
2.3965558483884E+04 -16.639157824276 0 0  -1.293859895668E-05 0.030517576262355 0.38178005814552
2.396558900146E+04 -17.020937882422 0 0  1.5434439992532E-03 0.030517576262355 0.38178005814552
2.3965619519036E+04 -17.402717940568 0 0  6.0391202569008E-03 0.030517576262355 0.38178005814552
2.3965650036613E+04 -17.784497998713 0 0  0.010569535195827 0.030517576262355 0.38178005814552
2.3965680554189E+04 -18.166278056859 0 0  9.2188632115722E-03 0.030517576262355 0.38178005814552
2.3965711071765E+04 -18.548058115004 0 0  6.2873605638742E-03 0.030517576262355 0.38178005814552
2.3965741589342E+04 -18.92983817315 0 0  3.3817009534687E-03 0.030517576262355 0.38178005814552
2.3965772106918E+04 -19.311618231295 0 0  4.5972908847034E-03 0.030517576262355 0.38178005814552
2.3965802624494E+04 -19.693398289441 0 0  2.9806478414685E-03 0.030517576262355 0.38178005814552
2.396583314207E+04 -20.075178347586 0 0  -1.2570185353979E-03 0.030517576262355 0.38178005814552
2.3965863659647E+04 -20.456958405732 0 0  -2.0260887686163E-03 0.030517576262355 0.38178005814552
2.3965894177223E+04 -20.838738463877 0 0  3.1472605769522E-04 0.030517576262355 0.38178005814552
2.3965924694799E+04 -21.220518522023 0 0  -8.7001279462129E-04 0.030517576262355 0.38178005814552
2.3965955212375E+04 -21.602298580168 0 0  1.1718572350219E-03 0.030517576262355 0.38178005814552
2.3965985729952E+04 -21.984078638314 0 0  -7.3071275837719E-03 0.030517576262355 0.38178005814552
2.3966016247528E+04 -22.365858696459 0 0  -8.3783101290464E-03 0.030517576262355 0.38178005814552
2.3966046765104E+04 -22.747638754605 0 0  -4.1055148467422E-03 0.030517576262355 0.38178005814552
2.396607728268E+04 -23.12941881275 0 0  -4.6900445595384E-03 0.030517576262355 0.38178005814552
2.3966107800257E+04 -23.511198870896 0 0  -3.5118442028761E-03 0.030517576262355 0.38178005814552
2.3966138317833E+04 -23.892978929041 0 0  6.9428044371307E-03 0.030517576262355 0.38178005814552
2.3966168835409E+04 -24.274758987187 0 0  3.3429532777518E-03 0.030517576262355 0.38178005814552
2.3966199352985E+04 -24.656539045332 0 0  3.9549963548779E-04 0.030517576262355 0.38178005814552
2.3966229870562E+04 -25.038319103478 0 0  -3.2673105597496E-03 0.030517576262355 0.38178005814552
2.3966260388138E+04 -25.420099161624 0 0  4.4566406868398E-03 0.030517576262355 0.38178005814552
2.3966290905714E+04 -25.801879219769 0 0  1.0168539592996E-03 0.030517576262355 0.38178005814552
2.3966321423291E+04 -26.183659277915 0 0  1.4756094897166E-03 0.030517576262355 0.38178005814552
2.3966351940867E+04 -26.56543933606 0 0  -7.4598836363293E-05 0.030517576262355 0.38178005814552
2.3966382458443E+04 -26.947219394206 0 0  2.5932653807104E-03 0.030517576262355 0.38178005814552
2.3966412976019E+04 -27.328999452351 0 0  -4.9309665337205E-03 0.030517576262355 0.38178005814552
2.3966443493596E+04 -27.710779510497 0 0  1.4995652018115E-03 0.030517576262355 0.38178005814552
2.3966474011172E+04 -28.092559568642 0 0  5.3124018013477E-03 0.030517576262355 0.38178005814552
2.3966504528748E+04 -28.474339626788 0 0  -6.6880160011351E-04 0.030517576262355 0.38178005814552
2.3966535046324E+04 -28.856119684933 0 0  -4.0189791470766E-03 0.030517576262355 0.38178005814552
2.3966565563901E+04 -29.237899743079 0 0  -0.010935238562524 0.030517576262355 0.38178005814552
2.3966596081477E+04 -29.619679801224 0 0  4.6339933760464E-04 0.030517576262355 0.38178005814552
2.3966626599053E+04 -30.00145985937 0 0  1.9484121585265E-03 0.030517576262355 0.38178005814552
2.3966657116629E+04 -30.383239917515 0 0  -2.8843919280916E-03 0.030517576262355 0.38178005814552
2.3966687634206E+04 -30.765019975661 0 0  -2.1024078596383E-03 0.030517576262355 0.38178005814552
2.3966718151782E+04 -31.146800033806 0 0  -6.486639380455E-03 0.030517576262355 0.38178005814552
2.3966748669358E+04 -31.528580091952 0 0  -6.5697645768523E-03 0.030517576262355 0.38178005814552
2.3966779186934E+04 -31.910360150097 0 0  4.5337765477598E-03 0.030517576262355 0.38178005814552
2.3966809704511E+04 -32.292140208243 0 0  -2.0198451820761E-03 0.030517576262355 0.38178005814552
2.3966840222087E+04 -32.673920266388 0 0  6.7856358364224E-03 0.030517576262355 0.38178005814552
2.3966870739663E+04 -33.055700324534 0 0  -4.5394701883197E-03 0.030517576262355 0.38178005814552
2.3966901257239E+04 -33.437480382679 0 0  9.8945558420382E-05 0.030517576262355 0.38178005814552
2.3966931774816E+04 -33.819260440825 0 0  3.3914442174137E-03 0.030517576262355 0.38178005814552
2.3966962292392E+04 -34.201040498971 0 0  2.4461548309773E-03 0.030517576262355 0.38178005814552
2.3966992809968E+04 -34.582820557116 0 0  5.3937546908855E-04 0.030517576262355 0.38178005814552
2.3967023327545E+04 -34.964600615262 0 0  -2.9579170513898E-03 0.030517576262355 0.38178005814552
2.3967053845121E+04 -35.346380673407 0 0  -1.2389918992994E-05 0.030517576262355 0.38178005814552
2.3967084362697E+04 -35.728160731553 0 0  9.0854316949844E-03 0.030517576262355 0.38178005814552
